2022-07-19 09:03:26,043 INFO 7 [tracking] [user None] [ip 172.18.0.1] logger.py:41 - {"name": "/", "context": {"user_id": null, "path": "/", "course_id": "", "org_id": "", "enterprise_uuid": ""}, "username": "", "session": "f5779bc46edd4ac00c7946a04cb5883e", "ip": "172.18.0.1", "agent": "Mozilla/5.0 (X11; Linux x86_64) AppleWebKit/537.36 (KHTML, like Gecko) Chrome/104.0.0.0 Safari/537.36", "host": "studio.local.overhang.io", "referer": "", "accept_language": "en-US,en;q=0.9", "event": "{\"GET\": {}, \"POST\": {}}", "time": "2022-07-19T09:03:26.042672+00:00", "event_type": "/", "event_source": "server", "page": null}
2022-07-19 09:03:28,865 INFO 14 [tracking] [user None] [ip 172.18.0.1] logger.py:41 - {"name": "/static/studio/images/favicon.ico", "context": {"user_id": null, "path": "/static/studio/images/favicon.ico", "course_id": "", "org_id": "", "enterprise_uuid": ""}, "username": "", "session": "f5779bc46edd4ac00c7946a04cb5883e", "ip": "172.18.0.1", "agent": "Mozilla/5.0 (X11; Linux x86_64) AppleWebKit/537.36 (KHTML, like Gecko) Chrome/104.0.0.0 Safari/537.36", "host": "studio.local.overhang.io", "referer": "http://studio.local.overhang.io/", "accept_language": "en-US,en;q=0.9", "event": "{\"GET\": {}, \"POST\": {}}", "time": "2022-07-19T09:03:28.865144+00:00", "event_type": "/static/studio/images/favicon.ico", "event_source": "server", "page": null}
2022-07-19 09:04:41,023 INFO 7 [tracking] [user 4] [ip 172.18.0.1] logger.py:41 - {"name": "/complete/edx-oauth2/", "context": {"user_id": 4, "path": "/complete/edx-oauth2/", "course_id": "", "org_id": "", "enterprise_uuid": ""}, "username": "julien", "session": "e519aaafc782d9469032137507c598f2", "ip": "172.18.0.1", "agent": "Mozilla/5.0 (X11; Linux x86_64) AppleWebKit/537.36 (KHTML, like Gecko) Chrome/104.0.0.0 Safari/537.36", "host": "studio.local.overhang.io", "referer": "http://local.overhang.io/", "accept_language": "en-US,en;q=0.9", "event": "{\"GET\": {\"redirect_state\": [\"SknB7sNck3IY1YUu8upTBF8TFCuHsKba\"], \"code\": [\"gW43ANHvyYPN6dN1igZBXxzID0anlp\"], \"state\": [\"SknB7sNck3IY1YUu8upTBF8TFCuHsKba\"]}, \"POST\": {}}", "time": "2022-07-19T09:04:41.022669+00:00", "event_type": "/complete/edx-oauth2/", "event_source": "server", "page": null}
2022-07-19 09:04:41,294 INFO 14 [tracking] [user 4] [ip 172.18.0.1] logger.py:41 - {"name": "/", "context": {"user_id": 4, "path": "/", "course_id": "", "org_id": "", "enterprise_uuid": ""}, "username": "julien", "session": "e519aaafc782d9469032137507c598f2", "ip": "172.18.0.1", "agent": "Mozilla/5.0 (X11; Linux x86_64) AppleWebKit/537.36 (KHTML, like Gecko) Chrome/104.0.0.0 Safari/537.36", "host": "studio.local.overhang.io", "referer": "http://local.overhang.io/", "accept_language": "en-US,en;q=0.9", "event": "{\"GET\": {}, \"POST\": {}}", "time": "2022-07-19T09:04:41.291759+00:00", "event_type": "/", "event_source": "server", "page": null}
2022-07-19 09:04:41,336 INFO 7 [tracking] [user 4] [ip 172.18.0.1] logger.py:41 - {"name": "/home/", "context": {"user_id": 4, "path": "/home/", "course_id": "", "org_id": "", "enterprise_uuid": ""}, "username": "julien", "session": "e519aaafc782d9469032137507c598f2", "ip": "172.18.0.1", "agent": "Mozilla/5.0 (X11; Linux x86_64) AppleWebKit/537.36 (KHTML, like Gecko) Chrome/104.0.0.0 Safari/537.36", "host": "studio.local.overhang.io", "referer": "http://local.overhang.io/", "accept_language": "en-US,en;q=0.9", "event": "{\"GET\": {}, \"POST\": {}}", "time": "2022-07-19T09:04:41.336026+00:00", "event_type": "/home/", "event_source": "server", "page": null}
2022-07-19 09:04:45,958 INFO 7 [tracking] [user 4] [ip 172.18.0.1] logger.py:41 - {"name": "/home/", "context": {"user_id": 4, "path": "/home/", "course_id": "", "org_id": "", "enterprise_uuid": ""}, "username": "julien", "session": "e519aaafc782d9469032137507c598f2", "ip": "172.18.0.1", "agent": "Mozilla/5.0 (X11; Linux x86_64) AppleWebKit/537.36 (KHTML, like Gecko) Chrome/104.0.0.0 Safari/537.36", "host": "studio.local.overhang.io", "referer": "http://local.overhang.io/", "accept_language": "en-US,en;q=0.9", "event": "{\"GET\": {}, \"POST\": {}}", "time": "2022-07-19T09:04:45.957872+00:00", "event_type": "/home/", "event_source": "server", "page": null}
2022-07-19 09:04:55,927 INFO 14 [tracking] [user 4] [ip 172.18.0.1] logger.py:41 - {"name": "/organizations", "context": {"user_id": 4, "path": "/organizations", "course_id": "", "org_id": "", "enterprise_uuid": ""}, "username": "julien", "session": "e519aaafc782d9469032137507c598f2", "ip": "172.18.0.1", "agent": "Mozilla/5.0 (X11; Linux x86_64) AppleWebKit/537.36 (KHTML, like Gecko) Chrome/104.0.0.0 Safari/537.36", "host": "studio.local.overhang.io", "referer": "http://studio.local.overhang.io/home/", "accept_language": "en-US,en;q=0.9", "event": "{\"GET\": {}, \"POST\": {}}", "time": "2022-07-19T09:04:55.926588+00:00", "event_type": "/organizations", "event_source": "server", "page": null}
2022-07-19 09:05:16,368 INFO 7 [tracking] [user 4] [ip 172.18.0.1] logger.py:41 - {"name": "/course/", "context": {"user_id": 4, "path": "/course/", "course_id": "", "org_id": "", "enterprise_uuid": ""}, "username": "julien", "session": "e519aaafc782d9469032137507c598f2", "ip": "172.18.0.1", "agent": "Mozilla/5.0 (X11; Linux x86_64) AppleWebKit/537.36 (KHTML, like Gecko) Chrome/104.0.0.0 Safari/537.36", "host": "studio.local.overhang.io", "referer": "http://studio.local.overhang.io/home/", "accept_language": "en-US,en;q=0.9", "event": "{\"GET\": {}, \"POST\": {}}", "time": "2022-07-19T09:05:16.367865+00:00", "event_type": "/course/", "event_source": "server", "page": null}
2022-07-19 09:05:16,374 INFO 7 [organizations.api] [user 4] [ip 172.18.0.1] api.py:323 - Automatically creating new organization 'qiaojiX'.
2022-07-19 09:05:16,393 INFO 7 [xmodule.modulestore.mixed] [user 4] [ip 172.18.0.1] mixed.py:658 - Creating course run course-v1:qiaojiX+CS101+2022_T1...
2022-07-19 09:05:16,654 INFO 7 [openedx.core.djangoapps.content.course_overviews.models] [user 4] [ip 172.18.0.1] models.py:278 - Attempting to load CourseOverview for course course-v1:qiaojiX+CS101+2022_T1 from modulestore.
2022-07-19 09:05:16,657 INFO 7 [openedx.core.djangoapps.content.course_overviews.models] [user 4] [ip 172.18.0.1] models.py:196 - Creating course overview for course-v1:qiaojiX+CS101+2022_T1.
2022-07-19 09:05:16,723 INFO 7 [openedx.core.djangoapps.course_date_signals.handlers] [user 4] [ip 172.18.0.1] handlers.py:125 - Extracting course dates for course-v1:qiaojiX+CS101+2022_T1
2022-07-19 09:05:16,724 INFO 7 [openedx.core.djangoapps.course_date_signals.handlers] [user 4] [ip 172.18.0.1] handlers.py:159 - Extracting dates from 2 items in course-v1:qiaojiX+CS101+2022_T1
2022-07-19 09:05:16,724 INFO 7 [edx_when.api] [user 4] [ip 172.18.0.1] api.py:94 - Setting date for BlockUsageLocator(CourseLocator('qiaojiX', 'CS101', '2022_T1', None, None), 'course', 'course'), start, datetime.datetime(2030, 1, 1, 0, 0, tzinfo=<UTC>)
2022-07-19 09:05:16,783 INFO 7 [celery_utils.logged_task] [user 4] [ip 172.18.0.1] logged_task.py:25 - Task lms.djangoapps.discussion.tasks.update_discussions_map[4fcfc248-9161-4d6c-a24f-8bab458674c6] submitted with arguments [{'course_id': 'course-v1:qiaojiX+CS101+2022_T1'}], None
2022-07-19 09:05:16,783 INFO 7 [xmodule.modulestore.django] [user 4] [ip 172.18.0.1] django.py:199 - Sent course_published signal to <function listen_for_course_publish at 0x7fd501e010d0> with kwargs {'course_key': CourseLocator('qiaojiX', 'CS101', '2022_T1', None, None)}. Response was: None
2022-07-19 09:05:16,784 INFO 7 [xmodule.modulestore.django] [user 4] [ip 172.18.0.1] django.py:199 - Sent course_published signal to <function export_course_metadata at 0x7fd501e01e50> with kwargs {'course_key': CourseLocator('qiaojiX', 'CS101', '2022_T1', None, None)}. Response was: None
2022-07-19 09:05:16,784 INFO 7 [xmodule.modulestore.django] [user 4] [ip 172.18.0.1] django.py:199 - Sent course_published signal to <function _listen_for_course_publish at 0x7fd5012aa3a0> with kwargs {'course_key': CourseLocator('qiaojiX', 'CS101', '2022_T1', None, None)}. Response was: None
2022-07-19 09:05:16,784 INFO 7 [xmodule.modulestore.django] [user 4] [ip 172.18.0.1] django.py:199 - Sent course_published signal to <function _listen_for_course_publish at 0x7fd5012aa5e0> with kwargs {'course_key': CourseLocator('qiaojiX', 'CS101', '2022_T1', None, None)}. Response was: None
2022-07-19 09:05:16,784 INFO 7 [xmodule.modulestore.django] [user 4] [ip 172.18.0.1] django.py:199 - Sent course_published signal to <function update_block_structure_on_course_publish at 0x7fd5012af940> with kwargs {'course_key': CourseLocator('qiaojiX', 'CS101', '2022_T1', None, None)}. Response was: None
2022-07-19 09:05:16,784 INFO 7 [xmodule.modulestore.django] [user 4] [ip 172.18.0.1] django.py:199 - Sent course_published signal to <function _listen_for_course_publish at 0x7fd50123d4c0> with kwargs {'course_key': CourseLocator('qiaojiX', 'CS101', '2022_T1', None, None)}. Response was: None
2022-07-19 09:05:16,785 INFO 7 [xmodule.modulestore.django] [user 4] [ip 172.18.0.1] django.py:199 - Sent course_published signal to <function extract_dates at 0x7fd5011a90d0> with kwargs {'course_key': CourseLocator('qiaojiX', 'CS101', '2022_T1', None, None)}. Response was: None
2022-07-19 09:05:16,785 INFO 7 [xmodule.modulestore.django] [user 4] [ip 172.18.0.1] django.py:199 - Sent course_published signal to <function trigger_update_xblocks_cache_task at 0x7fd5010b2ca0> with kwargs {'course_key': CourseLocator('qiaojiX', 'CS101', '2022_T1', None, None)}. Response was: None
2022-07-19 09:05:16,785 INFO 7 [xmodule.modulestore.django] [user 4] [ip 172.18.0.1] django.py:199 - Sent course_published signal to <function update_course_apps at 0x7fd5010388b0> with kwargs {'course_key': CourseLocator('qiaojiX', 'CS101', '2022_T1', None, None)}. Response was: None
2022-07-19 09:05:16,785 INFO 7 [xmodule.modulestore.django] [user 4] [ip 172.18.0.1] django.py:199 - Sent course_published signal to <function update_discussions_on_course_publish at 0x7fd500ffa0d0> with kwargs {'course_key': CourseLocator('qiaojiX', 'CS101', '2022_T1', None, None)}. Response was: None
2022-07-19 09:05:16,786 INFO 7 [xmodule.modulestore.mixed] [user 4] [ip 172.18.0.1] mixed.py:666 - Course run course-v1:qiaojiX+CS101+2022_T1 created successfully!
2022-07-19 09:05:17,415 INFO 7 [openedx_events.tooling] [user 4] [ip 172.18.0.1] tooling.py:160 - Responses of the Open edX Event <org.openedx.learning.course.enrollment.changed.v1>: 
[]
2022-07-19 09:05:17,468 INFO 7 [tracking] [user 4] [ip 172.18.0.1] logger.py:41 - {"name": "edx.course.enrollment.activated", "context": {"user_id": 4, "path": "/course/", "course_id": "course-v1:qiaojiX+CS101+2022_T1", "org_id": "qiaojiX", "enterprise_uuid": ""}, "username": "julien", "session": "e519aaafc782d9469032137507c598f2", "ip": "172.18.0.1", "agent": "Mozilla/5.0 (X11; Linux x86_64) AppleWebKit/537.36 (KHTML, like Gecko) Chrome/104.0.0.0 Safari/537.36", "host": "studio.local.overhang.io", "referer": "http://studio.local.overhang.io/home/", "accept_language": "en-US,en;q=0.9", "event": {"user_id": 4, "course_id": "course-v1:qiaojiX+CS101+2022_T1", "mode": "audit"}, "time": "2022-07-19T09:05:17.467536+00:00", "event_type": "edx.course.enrollment.activated", "event_source": "server", "page": null}
2022-07-19 09:05:17,469 INFO 7 [openedx_events.tooling] [user 4] [ip 172.18.0.1] tooling.py:160 - Responses of the Open edX Event <org.openedx.learning.course.enrollment.created.v1>: 
[]
2022-07-19 09:05:17,621 INFO 14 [tracking] [user 4] [ip 172.18.0.1] logger.py:41 - {"name": "/course/course-v1:qiaojiX+CS101+2022_T1", "context": {"user_id": 4, "path": "/course/course-v1:qiaojiX+CS101+2022_T1", "course_id": "", "org_id": "", "enterprise_uuid": ""}, "username": "julien", "session": "e519aaafc782d9469032137507c598f2", "ip": "172.18.0.1", "agent": "Mozilla/5.0 (X11; Linux x86_64) AppleWebKit/537.36 (KHTML, like Gecko) Chrome/104.0.0.0 Safari/537.36", "host": "studio.local.overhang.io", "referer": "http://studio.local.overhang.io/home/", "accept_language": "en-US,en;q=0.9", "event": "{\"GET\": {}, \"POST\": {}}", "time": "2022-07-19T09:05:17.621228+00:00", "event_type": "/course/course-v1:qiaojiX+CS101+2022_T1", "event_source": "server", "page": null}
2022-07-19 09:05:18,524 INFO 14 [tracking] [user 4] [ip 172.18.0.1] logger.py:41 - {"name": "/api/courses/v1/validation/course-v1:qiaojiX+CS101+2022_T1/", "context": {"user_id": 4, "path": "/api/courses/v1/validation/course-v1:qiaojiX+CS101+2022_T1/", "course_id": "", "org_id": "", "enterprise_uuid": ""}, "username": "julien", "session": "e519aaafc782d9469032137507c598f2", "ip": "172.18.0.1", "agent": "Mozilla/5.0 (X11; Linux x86_64) AppleWebKit/537.36 (KHTML, like Gecko) Chrome/104.0.0.0 Safari/537.36", "host": "studio.local.overhang.io", "referer": "http://studio.local.overhang.io/course/course-v1:qiaojiX+CS101+2022_T1", "accept_language": "en-US,en;q=0.9", "event": "{\"GET\": {\"graded_only\": [\"true\"], \"all\": [\"true\"]}, \"POST\": {}}", "time": "2022-07-19T09:05:18.523845+00:00", "event_type": "/api/courses/v1/validation/course-v1:qiaojiX+CS101+2022_T1/", "event_source": "server", "page": null}
2022-07-19 09:05:18,524 INFO 7 [tracking] [user 4] [ip 172.18.0.1] logger.py:41 - {"name": "/api/courses/v1/quality/course-v1:qiaojiX+CS101+2022_T1/", "context": {"user_id": 4, "path": "/api/courses/v1/quality/course-v1:qiaojiX+CS101+2022_T1/", "course_id": "", "org_id": "", "enterprise_uuid": ""}, "username": "julien", "session": "e519aaafc782d9469032137507c598f2", "ip": "172.18.0.1", "agent": "Mozilla/5.0 (X11; Linux x86_64) AppleWebKit/537.36 (KHTML, like Gecko) Chrome/104.0.0.0 Safari/537.36", "host": "studio.local.overhang.io", "referer": "http://studio.local.overhang.io/course/course-v1:qiaojiX+CS101+2022_T1", "accept_language": "en-US,en;q=0.9", "event": "{\"GET\": {\"exclude_graded\": [\"true\"], \"all\": [\"true\"]}, \"POST\": {}}", "time": "2022-07-19T09:05:18.523873+00:00", "event_type": "/api/courses/v1/quality/course-v1:qiaojiX+CS101+2022_T1/", "event_source": "server", "page": null}
2022-07-19 09:05:18,528 INFO 14 [edx_rest_framework_extensions.auth.jwt.middleware] [user 4] [ip 172.18.0.1] middleware.py:78 - ('The view CourseValidationView allows Jwt Authentication. The required permission class, NotJwtRestrictedApplication,', ' was automatically added.')
2022-07-19 09:05:18,533 INFO 7 [edx_rest_framework_extensions.auth.jwt.middleware] [user 4] [ip 172.18.0.1] middleware.py:78 - ('The view CourseQualityView allows Jwt Authentication. The required permission class, NotJwtRestrictedApplication,', ' was automatically added.')
2022-07-19 09:05:18,714 INFO 14 [openedx.core.djangoapps.content.course_overviews.models] [user 4] [ip 172.18.0.1] models.py:278 - Attempting to load CourseOverview for course course-v1:qiaojiX+CS101+2022_T1 from modulestore.
2022-07-19 09:05:18,726 INFO 14 [openedx.core.djangoapps.content.course_overviews.models] [user 4] [ip 172.18.0.1] models.py:188 - Updating course overview for course-v1:qiaojiX+CS101+2022_T1.
2022-07-19 09:05:18,839 INFO 14 [openedx.core.djangoapps.course_date_signals.handlers] [user 4] [ip 172.18.0.1] handlers.py:125 - Extracting course dates for course-v1:qiaojiX+CS101+2022_T1
2022-07-19 09:05:18,847 INFO 14 [openedx.core.djangoapps.course_date_signals.handlers] [user 4] [ip 172.18.0.1] handlers.py:159 - Extracting dates from 3 items in course-v1:qiaojiX+CS101+2022_T1
2022-07-19 09:05:18,850 INFO 14 [edx_when.api] [user 4] [ip 172.18.0.1] api.py:94 - Setting date for BlockUsageLocator(CourseLocator('qiaojiX', 'CS101', '2022_T1', None, None), 'course', 'course'), start, datetime.datetime(2030, 1, 1, 0, 0, tzinfo=<bson.tz_util.FixedOffset object at 0x7fd4fc73b160>)
2022-07-19 09:05:18,968 INFO 14 [celery_utils.logged_task] [user 4] [ip 172.18.0.1] logged_task.py:25 - Task lms.djangoapps.discussion.tasks.update_discussions_map[03d6f5d2-07fa-42d4-adef-a80187aea47e] submitted with arguments [{'course_id': 'course-v1:qiaojiX+CS101+2022_T1'}], None
2022-07-19 09:05:18,968 INFO 14 [xmodule.modulestore.django] [user 4] [ip 172.18.0.1] django.py:199 - Sent course_published signal to <function listen_for_course_publish at 0x7fd501e010d0> with kwargs {'course_key': CourseLocator('qiaojiX', 'CS101', '2022_T1', None, None)}. Response was: None
2022-07-19 09:05:18,969 INFO 14 [xmodule.modulestore.django] [user 4] [ip 172.18.0.1] django.py:199 - Sent course_published signal to <function export_course_metadata at 0x7fd501e01e50> with kwargs {'course_key': CourseLocator('qiaojiX', 'CS101', '2022_T1', None, None)}. Response was: None
2022-07-19 09:05:18,969 INFO 14 [xmodule.modulestore.django] [user 4] [ip 172.18.0.1] django.py:199 - Sent course_published signal to <function _listen_for_course_publish at 0x7fd5012aa3a0> with kwargs {'course_key': CourseLocator('qiaojiX', 'CS101', '2022_T1', None, None)}. Response was: None
2022-07-19 09:05:18,969 INFO 14 [xmodule.modulestore.django] [user 4] [ip 172.18.0.1] django.py:199 - Sent course_published signal to <function _listen_for_course_publish at 0x7fd5012aa5e0> with kwargs {'course_key': CourseLocator('qiaojiX', 'CS101', '2022_T1', None, None)}. Response was: None
2022-07-19 09:05:18,969 INFO 14 [xmodule.modulestore.django] [user 4] [ip 172.18.0.1] django.py:199 - Sent course_published signal to <function update_block_structure_on_course_publish at 0x7fd5012af940> with kwargs {'course_key': CourseLocator('qiaojiX', 'CS101', '2022_T1', None, None)}. Response was: None
2022-07-19 09:05:18,969 INFO 14 [xmodule.modulestore.django] [user 4] [ip 172.18.0.1] django.py:199 - Sent course_published signal to <function _listen_for_course_publish at 0x7fd50123d4c0> with kwargs {'course_key': CourseLocator('qiaojiX', 'CS101', '2022_T1', None, None)}. Response was: None
2022-07-19 09:05:18,969 INFO 14 [xmodule.modulestore.django] [user 4] [ip 172.18.0.1] django.py:199 - Sent course_published signal to <function extract_dates at 0x7fd5011a90d0> with kwargs {'course_key': CourseLocator('qiaojiX', 'CS101', '2022_T1', None, None)}. Response was: None
2022-07-19 09:05:18,969 INFO 14 [xmodule.modulestore.django] [user 4] [ip 172.18.0.1] django.py:199 - Sent course_published signal to <function trigger_update_xblocks_cache_task at 0x7fd5010b2ca0> with kwargs {'course_key': CourseLocator('qiaojiX', 'CS101', '2022_T1', None, None)}. Response was: None
2022-07-19 09:05:18,970 INFO 14 [xmodule.modulestore.django] [user 4] [ip 172.18.0.1] django.py:199 - Sent course_published signal to <function update_course_apps at 0x7fd5010388b0> with kwargs {'course_key': CourseLocator('qiaojiX', 'CS101', '2022_T1', None, None)}. Response was: None
2022-07-19 09:05:18,970 INFO 14 [xmodule.modulestore.django] [user 4] [ip 172.18.0.1] django.py:199 - Sent course_published signal to <function update_discussions_on_course_publish at 0x7fd500ffa0d0> with kwargs {'course_key': CourseLocator('qiaojiX', 'CS101', '2022_T1', None, None)}. Response was: None
2022-07-19 09:05:20,200 INFO 7 [tracking] [user 4] [ip 172.18.0.1] logger.py:41 - {"name": "/xblock/", "context": {"user_id": 4, "path": "/xblock/", "course_id": "", "org_id": "", "enterprise_uuid": ""}, "username": "julien", "session": "e519aaafc782d9469032137507c598f2", "ip": "172.18.0.1", "agent": "Mozilla/5.0 (X11; Linux x86_64) AppleWebKit/537.36 (KHTML, like Gecko) Chrome/104.0.0.0 Safari/537.36", "host": "studio.local.overhang.io", "referer": "http://studio.local.overhang.io/course/course-v1:qiaojiX+CS101+2022_T1", "accept_language": "en-US,en;q=0.9", "event": "{\"GET\": {}, \"POST\": {}}", "time": "2022-07-19T09:05:20.199957+00:00", "event_type": "/xblock/", "event_source": "server", "page": null}
2022-07-19 09:05:20,290 INFO 7 [openedx.core.djangoapps.content.course_overviews.models] [user 4] [ip 172.18.0.1] models.py:278 - Attempting to load CourseOverview for course course-v1:qiaojiX+CS101+2022_T1 from modulestore.
2022-07-19 09:05:20,301 INFO 7 [openedx.core.djangoapps.content.course_overviews.models] [user 4] [ip 172.18.0.1] models.py:188 - Updating course overview for course-v1:qiaojiX+CS101+2022_T1.
2022-07-19 09:05:20,373 INFO 7 [openedx.core.djangoapps.course_date_signals.handlers] [user 4] [ip 172.18.0.1] handlers.py:125 - Extracting course dates for course-v1:qiaojiX+CS101+2022_T1
2022-07-19 09:05:20,386 INFO 7 [openedx.core.djangoapps.course_date_signals.handlers] [user 4] [ip 172.18.0.1] handlers.py:159 - Extracting dates from 4 items in course-v1:qiaojiX+CS101+2022_T1
2022-07-19 09:05:20,391 INFO 7 [edx_when.api] [user 4] [ip 172.18.0.1] api.py:94 - Setting date for BlockUsageLocator(CourseLocator('qiaojiX', 'CS101', '2022_T1', None, None), 'course', 'course'), start, datetime.datetime(2030, 1, 1, 0, 0, tzinfo=<bson.tz_util.FixedOffset object at 0x7fd4fe8899d0>)
2022-07-19 09:05:20,475 INFO 7 [celery_utils.logged_task] [user 4] [ip 172.18.0.1] logged_task.py:25 - Task lms.djangoapps.discussion.tasks.update_discussions_map[2af54a8a-e812-49b0-aded-e612bc3b3186] submitted with arguments [{'course_id': 'course-v1:qiaojiX+CS101+2022_T1'}], None
2022-07-19 09:05:20,476 INFO 7 [xmodule.modulestore.django] [user 4] [ip 172.18.0.1] django.py:199 - Sent course_published signal to <function listen_for_course_publish at 0x7fd501e010d0> with kwargs {'course_key': CourseLocator('qiaojiX', 'CS101', '2022_T1', None, None)}. Response was: None
2022-07-19 09:05:20,476 INFO 7 [xmodule.modulestore.django] [user 4] [ip 172.18.0.1] django.py:199 - Sent course_published signal to <function export_course_metadata at 0x7fd501e01e50> with kwargs {'course_key': CourseLocator('qiaojiX', 'CS101', '2022_T1', None, None)}. Response was: None
2022-07-19 09:05:20,476 INFO 7 [xmodule.modulestore.django] [user 4] [ip 172.18.0.1] django.py:199 - Sent course_published signal to <function _listen_for_course_publish at 0x7fd5012aa3a0> with kwargs {'course_key': CourseLocator('qiaojiX', 'CS101', '2022_T1', None, None)}. Response was: None
2022-07-19 09:05:20,476 INFO 7 [xmodule.modulestore.django] [user 4] [ip 172.18.0.1] django.py:199 - Sent course_published signal to <function _listen_for_course_publish at 0x7fd5012aa5e0> with kwargs {'course_key': CourseLocator('qiaojiX', 'CS101', '2022_T1', None, None)}. Response was: None
2022-07-19 09:05:20,477 INFO 7 [xmodule.modulestore.django] [user 4] [ip 172.18.0.1] django.py:199 - Sent course_published signal to <function update_block_structure_on_course_publish at 0x7fd5012af940> with kwargs {'course_key': CourseLocator('qiaojiX', 'CS101', '2022_T1', None, None)}. Response was: None
2022-07-19 09:05:20,477 INFO 7 [xmodule.modulestore.django] [user 4] [ip 172.18.0.1] django.py:199 - Sent course_published signal to <function _listen_for_course_publish at 0x7fd50123d4c0> with kwargs {'course_key': CourseLocator('qiaojiX', 'CS101', '2022_T1', None, None)}. Response was: None
2022-07-19 09:05:20,486 INFO 7 [xmodule.modulestore.django] [user 4] [ip 172.18.0.1] django.py:199 - Sent course_published signal to <function extract_dates at 0x7fd5011a90d0> with kwargs {'course_key': CourseLocator('qiaojiX', 'CS101', '2022_T1', None, None)}. Response was: None
2022-07-19 09:05:20,488 INFO 7 [xmodule.modulestore.django] [user 4] [ip 172.18.0.1] django.py:199 - Sent course_published signal to <function trigger_update_xblocks_cache_task at 0x7fd5010b2ca0> with kwargs {'course_key': CourseLocator('qiaojiX', 'CS101', '2022_T1', None, None)}. Response was: None
2022-07-19 09:05:20,488 INFO 7 [xmodule.modulestore.django] [user 4] [ip 172.18.0.1] django.py:199 - Sent course_published signal to <function update_course_apps at 0x7fd5010388b0> with kwargs {'course_key': CourseLocator('qiaojiX', 'CS101', '2022_T1', None, None)}. Response was: None
2022-07-19 09:05:20,491 INFO 7 [xmodule.modulestore.django] [user 4] [ip 172.18.0.1] django.py:199 - Sent course_published signal to <function update_discussions_on_course_publish at 0x7fd500ffa0d0> with kwargs {'course_key': CourseLocator('qiaojiX', 'CS101', '2022_T1', None, None)}. Response was: None
2022-07-19 09:05:20,540 INFO 14 [tracking] [user 4] [ip 172.18.0.1] logger.py:41 - {"name": "/xblock/outline/block-v1:qiaojiX+CS101+2022_T1+type@course+block@course", "context": {"user_id": 4, "path": "/xblock/outline/block-v1:qiaojiX+CS101+2022_T1+type@course+block@course", "course_id": "", "org_id": "", "enterprise_uuid": ""}, "username": "julien", "session": "e519aaafc782d9469032137507c598f2", "ip": "172.18.0.1", "agent": "Mozilla/5.0 (X11; Linux x86_64) AppleWebKit/537.36 (KHTML, like Gecko) Chrome/104.0.0.0 Safari/537.36", "host": "studio.local.overhang.io", "referer": "http://studio.local.overhang.io/course/course-v1:qiaojiX+CS101+2022_T1", "accept_language": "en-US,en;q=0.9", "event": "{\"GET\": {}, \"POST\": {}}", "time": "2022-07-19T09:05:20.537853+00:00", "event_type": "/xblock/outline/block-v1:qiaojiX+CS101+2022_T1+type@course+block@course", "event_source": "server", "page": null}
2022-07-19 09:11:05,175 INFO 14 [tracking] [user 4] [ip 172.18.0.1] logger.py:41 - {"name": "/xblock/", "context": {"user_id": 4, "path": "/xblock/", "course_id": "", "org_id": "", "enterprise_uuid": ""}, "username": "julien", "session": "e519aaafc782d9469032137507c598f2", "ip": "172.18.0.1", "agent": "Mozilla/5.0 (X11; Linux x86_64) AppleWebKit/537.36 (KHTML, like Gecko) Chrome/104.0.0.0 Safari/537.36", "host": "studio.local.overhang.io", "referer": "http://studio.local.overhang.io/course/course-v1:qiaojiX+CS101+2022_T1", "accept_language": "en-US,en;q=0.9", "event": "{\"GET\": {}, \"POST\": {}}", "time": "2022-07-19T09:11:05.175556+00:00", "event_type": "/xblock/", "event_source": "server", "page": null}
2022-07-19 09:11:05,374 INFO 14 [openedx.core.djangoapps.content.course_overviews.models] [user 4] [ip 172.18.0.1] models.py:278 - Attempting to load CourseOverview for course course-v1:qiaojiX+CS101+2022_T1 from modulestore.
2022-07-19 09:11:05,390 INFO 14 [openedx.core.djangoapps.content.course_overviews.models] [user 4] [ip 172.18.0.1] models.py:188 - Updating course overview for course-v1:qiaojiX+CS101+2022_T1.
2022-07-19 09:11:05,479 INFO 14 [openedx.core.djangoapps.course_date_signals.handlers] [user 4] [ip 172.18.0.1] handlers.py:125 - Extracting course dates for course-v1:qiaojiX+CS101+2022_T1
2022-07-19 09:11:05,486 INFO 14 [openedx.core.djangoapps.course_date_signals.handlers] [user 4] [ip 172.18.0.1] handlers.py:159 - Extracting dates from 5 items in course-v1:qiaojiX+CS101+2022_T1
2022-07-19 09:11:05,488 INFO 14 [edx_when.api] [user 4] [ip 172.18.0.1] api.py:94 - Setting date for BlockUsageLocator(CourseLocator('qiaojiX', 'CS101', '2022_T1', None, None), 'course', 'course'), start, datetime.datetime(2030, 1, 1, 0, 0, tzinfo=<bson.tz_util.FixedOffset object at 0x7fd4fc688370>)
2022-07-19 09:11:05,579 INFO 14 [celery_utils.logged_task] [user 4] [ip 172.18.0.1] logged_task.py:25 - Task lms.djangoapps.discussion.tasks.update_discussions_map[dd440dc8-f5f2-4ded-b39d-499fc78c5282] submitted with arguments [{'course_id': 'course-v1:qiaojiX+CS101+2022_T1'}], None
2022-07-19 09:11:05,580 INFO 14 [xmodule.modulestore.django] [user 4] [ip 172.18.0.1] django.py:199 - Sent course_published signal to <function listen_for_course_publish at 0x7fd501e010d0> with kwargs {'course_key': CourseLocator('qiaojiX', 'CS101', '2022_T1', None, None)}. Response was: None
2022-07-19 09:11:05,581 INFO 14 [xmodule.modulestore.django] [user 4] [ip 172.18.0.1] django.py:199 - Sent course_published signal to <function export_course_metadata at 0x7fd501e01e50> with kwargs {'course_key': CourseLocator('qiaojiX', 'CS101', '2022_T1', None, None)}. Response was: None
2022-07-19 09:11:05,593 INFO 14 [xmodule.modulestore.django] [user 4] [ip 172.18.0.1] django.py:199 - Sent course_published signal to <function _listen_for_course_publish at 0x7fd5012aa3a0> with kwargs {'course_key': CourseLocator('qiaojiX', 'CS101', '2022_T1', None, None)}. Response was: None
2022-07-19 09:11:05,594 INFO 14 [xmodule.modulestore.django] [user 4] [ip 172.18.0.1] django.py:199 - Sent course_published signal to <function _listen_for_course_publish at 0x7fd5012aa5e0> with kwargs {'course_key': CourseLocator('qiaojiX', 'CS101', '2022_T1', None, None)}. Response was: None
2022-07-19 09:11:05,594 INFO 14 [xmodule.modulestore.django] [user 4] [ip 172.18.0.1] django.py:199 - Sent course_published signal to <function update_block_structure_on_course_publish at 0x7fd5012af940> with kwargs {'course_key': CourseLocator('qiaojiX', 'CS101', '2022_T1', None, None)}. Response was: None
2022-07-19 09:11:05,595 INFO 14 [xmodule.modulestore.django] [user 4] [ip 172.18.0.1] django.py:199 - Sent course_published signal to <function _listen_for_course_publish at 0x7fd50123d4c0> with kwargs {'course_key': CourseLocator('qiaojiX', 'CS101', '2022_T1', None, None)}. Response was: None
2022-07-19 09:11:05,595 INFO 14 [xmodule.modulestore.django] [user 4] [ip 172.18.0.1] django.py:199 - Sent course_published signal to <function extract_dates at 0x7fd5011a90d0> with kwargs {'course_key': CourseLocator('qiaojiX', 'CS101', '2022_T1', None, None)}. Response was: None
2022-07-19 09:11:05,595 INFO 14 [xmodule.modulestore.django] [user 4] [ip 172.18.0.1] django.py:199 - Sent course_published signal to <function trigger_update_xblocks_cache_task at 0x7fd5010b2ca0> with kwargs {'course_key': CourseLocator('qiaojiX', 'CS101', '2022_T1', None, None)}. Response was: None
2022-07-19 09:11:05,596 INFO 14 [xmodule.modulestore.django] [user 4] [ip 172.18.0.1] django.py:199 - Sent course_published signal to <function update_course_apps at 0x7fd5010388b0> with kwargs {'course_key': CourseLocator('qiaojiX', 'CS101', '2022_T1', None, None)}. Response was: None
2022-07-19 09:11:05,596 INFO 14 [xmodule.modulestore.django] [user 4] [ip 172.18.0.1] django.py:199 - Sent course_published signal to <function update_discussions_on_course_publish at 0x7fd500ffa0d0> with kwargs {'course_key': CourseLocator('qiaojiX', 'CS101', '2022_T1', None, None)}. Response was: None
2022-07-19 09:11:05,657 INFO 7 [tracking] [user 4] [ip 172.18.0.1] logger.py:41 - {"name": "/xblock/outline/block-v1:qiaojiX+CS101+2022_T1+type@chapter+block@852b75accb3a40ac9ea265f47d839018", "context": {"user_id": 4, "path": "/xblock/outline/block-v1:qiaojiX+CS101+2022_T1+type@chapter+block@852b75accb3a40ac9ea265f47d839018", "course_id": "", "org_id": "", "enterprise_uuid": ""}, "username": "julien", "session": "e519aaafc782d9469032137507c598f2", "ip": "172.18.0.1", "agent": "Mozilla/5.0 (X11; Linux x86_64) AppleWebKit/537.36 (KHTML, like Gecko) Chrome/104.0.0.0 Safari/537.36", "host": "studio.local.overhang.io", "referer": "http://studio.local.overhang.io/course/course-v1:qiaojiX+CS101+2022_T1", "accept_language": "en-US,en;q=0.9", "event": "{\"GET\": {}, \"POST\": {}}", "time": "2022-07-19T09:11:05.657375+00:00", "event_type": "/xblock/outline/block-v1:qiaojiX+CS101+2022_T1+type@chapter+block@852b75accb3a40ac9ea265f47d839018", "event_source": "server", "page": null}
2022-07-19 09:11:07,653 INFO 14 [tracking] [user 4] [ip 172.18.0.1] logger.py:41 - {"name": "/xblock/", "context": {"user_id": 4, "path": "/xblock/", "course_id": "", "org_id": "", "enterprise_uuid": ""}, "username": "julien", "session": "e519aaafc782d9469032137507c598f2", "ip": "172.18.0.1", "agent": "Mozilla/5.0 (X11; Linux x86_64) AppleWebKit/537.36 (KHTML, like Gecko) Chrome/104.0.0.0 Safari/537.36", "host": "studio.local.overhang.io", "referer": "http://studio.local.overhang.io/course/course-v1:qiaojiX+CS101+2022_T1", "accept_language": "en-US,en;q=0.9", "event": "{\"GET\": {}, \"POST\": {}}", "time": "2022-07-19T09:11:07.653274+00:00", "event_type": "/xblock/", "event_source": "server", "page": null}
2022-07-19 09:11:07,709 INFO 7 [tracking] [user 4] [ip 172.18.0.1] logger.py:41 - {"name": "/container/block-v1:qiaojiX+CS101+2022_T1+type@vertical+block@ca1882d9f29740c9b15d918b6836be0c", "context": {"user_id": 4, "path": "/container/block-v1:qiaojiX+CS101+2022_T1+type@vertical+block@ca1882d9f29740c9b15d918b6836be0c", "course_id": "", "org_id": "", "enterprise_uuid": ""}, "username": "julien", "session": "e519aaafc782d9469032137507c598f2", "ip": "172.18.0.1", "agent": "Mozilla/5.0 (X11; Linux x86_64) AppleWebKit/537.36 (KHTML, like Gecko) Chrome/104.0.0.0 Safari/537.36", "host": "studio.local.overhang.io", "referer": "http://studio.local.overhang.io/course/course-v1:qiaojiX+CS101+2022_T1", "accept_language": "en-US,en;q=0.9", "event": "{\"GET\": {\"action\": [\"new\"]}, \"POST\": {}}", "time": "2022-07-19T09:11:07.709197+00:00", "event_type": "/container/block-v1:qiaojiX+CS101+2022_T1+type@vertical+block@ca1882d9f29740c9b15d918b6836be0c", "event_source": "server", "page": null}
2022-07-19 09:11:08,669 INFO 14 [tracking] [user 4] [ip 172.18.0.1] logger.py:41 - {"name": "/xblock/block-v1:qiaojiX+CS101+2022_T1+type@sequential+block@3c1f43dce3334ca89b5c6a6a46aa0d39/author_view", "context": {"user_id": 4, "path": "/xblock/block-v1:qiaojiX+CS101+2022_T1+type@sequential+block@3c1f43dce3334ca89b5c6a6a46aa0d39/author_view", "course_id": "", "org_id": "", "enterprise_uuid": ""}, "username": "julien", "session": "e519aaafc782d9469032137507c598f2", "ip": "172.18.0.1", "agent": "Mozilla/5.0 (X11; Linux x86_64) AppleWebKit/537.36 (KHTML, like Gecko) Chrome/104.0.0.0 Safari/537.36", "host": "studio.local.overhang.io", "referer": "http://studio.local.overhang.io/container/block-v1:qiaojiX+CS101+2022_T1+type@vertical+block@ca1882d9f29740c9b15d918b6836be0c?action=new", "accept_language": "en-US,en;q=0.9", "event": "{\"GET\": {\"position\": [\"1\"], \"next_url\": [\"None\"], \"prev_url\": [\"/container/block-v1:qiaojiX+CS101+2022_T1+type@vertical+block@ca1882d9f29740c9b15d918b6836be0c\"], \"_\": [\"1658221868268\"]}, \"POST\": {}}", "time": "2022-07-19T09:11:08.669454+00:00", "event_type": "/xblock/block-v1:qiaojiX+CS101+2022_T1+type@sequential+block@3c1f43dce3334ca89b5c6a6a46aa0d39/author_view", "event_source": "server", "page": null}
2022-07-19 09:11:09,609 INFO 7 [tracking] [user 4] [ip 172.18.0.1] logger.py:41 - {"name": "/xblock/block-v1:qiaojiX+CS101+2022_T1+type@vertical+block@ca1882d9f29740c9b15d918b6836be0c/container_preview", "context": {"user_id": 4, "path": "/xblock/block-v1:qiaojiX+CS101+2022_T1+type@vertical+block@ca1882d9f29740c9b15d918b6836be0c/container_preview", "course_id": "", "org_id": "", "enterprise_uuid": ""}, "username": "julien", "session": "e519aaafc782d9469032137507c598f2", "ip": "172.18.0.1", "agent": "Mozilla/5.0 (X11; Linux x86_64) AppleWebKit/537.36 (KHTML, like Gecko) Chrome/104.0.0.0 Safari/537.36", "host": "studio.local.overhang.io", "referer": "http://studio.local.overhang.io/container/block-v1:qiaojiX+CS101+2022_T1+type@vertical+block@ca1882d9f29740c9b15d918b6836be0c?action=new", "accept_language": "en-US,en;q=0.9", "event": "{\"GET\": {\"_\": [\"1658221868269\"]}, \"POST\": {}}", "time": "2022-07-19T09:11:09.609090+00:00", "event_type": "/xblock/block-v1:qiaojiX+CS101+2022_T1+type@vertical+block@ca1882d9f29740c9b15d918b6836be0c/container_preview", "event_source": "server", "page": null}
2022-07-19 09:11:09,837 INFO 14 [tracking] [user 4] [ip 172.18.0.1] logger.py:41 - {"name": "/xblock/container/block-v1:qiaojiX+CS101+2022_T1+type@vertical+block@ca1882d9f29740c9b15d918b6836be0c", "context": {"user_id": 4, "path": "/xblock/container/block-v1:qiaojiX+CS101+2022_T1+type@vertical+block@ca1882d9f29740c9b15d918b6836be0c", "course_id": "", "org_id": "", "enterprise_uuid": ""}, "username": "julien", "session": "e519aaafc782d9469032137507c598f2", "ip": "172.18.0.1", "agent": "Mozilla/5.0 (X11; Linux x86_64) AppleWebKit/537.36 (KHTML, like Gecko) Chrome/104.0.0.0 Safari/537.36", "host": "studio.local.overhang.io", "referer": "http://studio.local.overhang.io/container/block-v1:qiaojiX+CS101+2022_T1+type@vertical+block@ca1882d9f29740c9b15d918b6836be0c?action=new", "accept_language": "en-US,en;q=0.9", "event": "{\"GET\": {}, \"POST\": {}}", "time": "2022-07-19T09:11:09.836394+00:00", "event_type": "/xblock/container/block-v1:qiaojiX+CS101+2022_T1+type@vertical+block@ca1882d9f29740c9b15d918b6836be0c", "event_source": "server", "page": null}
2022-07-19 09:11:13,278 INFO 7 [tracking] [user 4] [ip 172.18.0.1] logger.py:41 - {"name": "/xblock/", "context": {"user_id": 4, "path": "/xblock/", "course_id": "", "org_id": "", "enterprise_uuid": ""}, "username": "julien", "session": "e519aaafc782d9469032137507c598f2", "ip": "172.18.0.1", "agent": "Mozilla/5.0 (X11; Linux x86_64) AppleWebKit/537.36 (KHTML, like Gecko) Chrome/104.0.0.0 Safari/537.36", "host": "studio.local.overhang.io", "referer": "http://studio.local.overhang.io/container/block-v1:qiaojiX+CS101+2022_T1+type@vertical+block@ca1882d9f29740c9b15d918b6836be0c?action=new", "accept_language": "en-US,en;q=0.9", "event": "{\"GET\": {}, \"POST\": {}}", "time": "2022-07-19T09:11:13.277746+00:00", "event_type": "/xblock/", "event_source": "server", "page": null}
2022-07-19 09:11:13,335 INFO 14 [tracking] [user 4] [ip 172.18.0.1] logger.py:41 - {"name": "/xblock/block-v1:qiaojiX+CS101+2022_T1+type@video+block@d19975866be447cf9de857a5d7fc276b/reorderable_container_child_preview", "context": {"user_id": 4, "path": "/xblock/block-v1:qiaojiX+CS101+2022_T1+type@video+block@d19975866be447cf9de857a5d7fc276b/reorderable_container_child_preview", "course_id": "", "org_id": "", "enterprise_uuid": ""}, "username": "julien", "session": "e519aaafc782d9469032137507c598f2", "ip": "172.18.0.1", "agent": "Mozilla/5.0 (X11; Linux x86_64) AppleWebKit/537.36 (KHTML, like Gecko) Chrome/104.0.0.0 Safari/537.36", "host": "studio.local.overhang.io", "referer": "http://studio.local.overhang.io/container/block-v1:qiaojiX+CS101+2022_T1+type@vertical+block@ca1882d9f29740c9b15d918b6836be0c?action=new", "accept_language": "en-US,en;q=0.9", "event": "{\"GET\": {\"_\": [\"1658221868270\"]}, \"POST\": {}}", "time": "2022-07-19T09:11:13.333442+00:00", "event_type": "/xblock/block-v1:qiaojiX+CS101+2022_T1+type@video+block@d19975866be447cf9de857a5d7fc276b/reorderable_container_child_preview", "event_source": "server", "page": null}
2022-07-19 09:11:13,622 INFO 14 [tracking] [user 4] [ip 172.18.0.1] logger.py:41 - {"name": "/xblock/container/block-v1:qiaojiX+CS101+2022_T1+type@vertical+block@ca1882d9f29740c9b15d918b6836be0c", "context": {"user_id": 4, "path": "/xblock/container/block-v1:qiaojiX+CS101+2022_T1+type@vertical+block@ca1882d9f29740c9b15d918b6836be0c", "course_id": "", "org_id": "", "enterprise_uuid": ""}, "username": "julien", "session": "e519aaafc782d9469032137507c598f2", "ip": "172.18.0.1", "agent": "Mozilla/5.0 (X11; Linux x86_64) AppleWebKit/537.36 (KHTML, like Gecko) Chrome/104.0.0.0 Safari/537.36", "host": "studio.local.overhang.io", "referer": "http://studio.local.overhang.io/container/block-v1:qiaojiX+CS101+2022_T1+type@vertical+block@ca1882d9f29740c9b15d918b6836be0c?action=new", "accept_language": "en-US,en;q=0.9", "event": "{\"GET\": {}, \"POST\": {}}", "time": "2022-07-19T09:11:13.621910+00:00", "event_type": "/xblock/container/block-v1:qiaojiX+CS101+2022_T1+type@vertical+block@ca1882d9f29740c9b15d918b6836be0c", "event_source": "server", "page": null}
2022-07-19 09:11:16,829 INFO 7 [tracking] [user 4] [ip 172.18.0.1] logger.py:41 - {"name": "/xblock/block-v1:qiaojiX+CS101+2022_T1+type@video+block@d19975866be447cf9de857a5d7fc276b/studio_view", "context": {"user_id": 4, "path": "/xblock/block-v1:qiaojiX+CS101+2022_T1+type@video+block@d19975866be447cf9de857a5d7fc276b/studio_view", "course_id": "", "org_id": "", "enterprise_uuid": ""}, "username": "julien", "session": "e519aaafc782d9469032137507c598f2", "ip": "172.18.0.1", "agent": "Mozilla/5.0 (X11; Linux x86_64) AppleWebKit/537.36 (KHTML, like Gecko) Chrome/104.0.0.0 Safari/537.36", "host": "studio.local.overhang.io", "referer": "http://studio.local.overhang.io/container/block-v1:qiaojiX+CS101+2022_T1+type@vertical+block@ca1882d9f29740c9b15d918b6836be0c?action=new", "accept_language": "en-US,en;q=0.9", "event": "{\"GET\": {\"_\": [\"1658221868271\"]}, \"POST\": {}}", "time": "2022-07-19T09:11:16.829201+00:00", "event_type": "/xblock/block-v1:qiaojiX+CS101+2022_T1+type@video+block@d19975866be447cf9de857a5d7fc276b/studio_view", "event_source": "server", "page": null}
2022-07-19 09:11:17,239 INFO 7 [tracking] [user 4] [ip 172.18.0.1] logger.py:41 - {"name": "/transcripts/check", "context": {"user_id": 4, "path": "/transcripts/check", "course_id": "", "org_id": "", "enterprise_uuid": ""}, "username": "julien", "session": "e519aaafc782d9469032137507c598f2", "ip": "172.18.0.1", "agent": "Mozilla/5.0 (X11; Linux x86_64) AppleWebKit/537.36 (KHTML, like Gecko) Chrome/104.0.0.0 Safari/537.36", "host": "studio.local.overhang.io", "referer": "http://studio.local.overhang.io/container/block-v1:qiaojiX+CS101+2022_T1+type@vertical+block@ca1882d9f29740c9b15d918b6836be0c?action=new", "accept_language": "en-US,en;q=0.9", "event": "{\"GET\": {\"data\": [\"{\\\"locator\\\":\\\"block-v1:qiaojiX+CS101+2022_T1+type@video+block@d19975866be447cf9de857a5d7fc276b\\\",\\\"videos\\\":[{\\\"mode\\\":\\\"youtube\\\",\\\"video\\\":\\\"3_yD_cEKoCk\\\",\\\"type\\\":\\\"youtube\\\"},{\\\"mode\\\":\\\"edx_video_id\\\",\\\"type\\\":\\\"edx_video_id\\\",\\\"video\\\":\\\"\\\"}]}\"]}, \"POST\": {}}", "time": "2022-07-19T09:11:17.239240+00:00", "event_type": "/transcripts/check", "event_source": "server", "page": null}
2022-07-19 09:11:38,356 ERROR 7 [root] [user None] [ip None] signals.py:22 - Uncaught exception from None
Traceback (most recent call last):
  File "/openedx/edx-platform/./cms/djangoapps/contentstore/views/transcripts_ajax.py", line 318, in check_transcripts
    get_transcript_from_val(edx_video_id=edx_video_id, lang='en')
  File "/openedx/edx-platform/common/lib/xmodule/xmodule/video_module/transcripts_utils.py", line 69, in wrapper
    return func(*args, **kwds)
  File "/openedx/edx-platform/common/lib/xmodule/xmodule/video_module/transcripts_utils.py", line 877, in get_transcript_from_val
    raise NotFoundError(f'Transcript not found for {edx_video_id}, lang: {lang}')
xmodule.exceptions.NotFoundError: Transcript not found for None, lang: en

During handling of the above exception, another exception occurred:

Traceback (most recent call last):
  File "/openedx/venv/lib/python3.8/site-packages/urllib3/connection.py", line 174, in _new_conn
    conn = connection.create_connection(
  File "/openedx/venv/lib/python3.8/site-packages/urllib3/util/connection.py", line 96, in create_connection
    raise err
  File "/openedx/venv/lib/python3.8/site-packages/urllib3/util/connection.py", line 86, in create_connection
    sock.connect(sa)
ConnectionRefusedError: [Errno 111] Connection refused

During handling of the above exception, another exception occurred:

Traceback (most recent call last):
  File "/openedx/venv/lib/python3.8/site-packages/urllib3/connectionpool.py", line 699, in urlopen
    httplib_response = self._make_request(
  File "/openedx/venv/lib/python3.8/site-packages/urllib3/connectionpool.py", line 394, in _make_request
    conn.request(method, url, **httplib_request_kw)
  File "/openedx/venv/lib/python3.8/site-packages/urllib3/connection.py", line 239, in request
    super(HTTPConnection, self).request(method, url, body=body, headers=headers)
  File "/opt/pyenv/versions/3.8.12/lib/python3.8/http/client.py", line 1256, in request
    self._send_request(method, url, body, headers, encode_chunked)
  File "/opt/pyenv/versions/3.8.12/lib/python3.8/http/client.py", line 1302, in _send_request
    self.endheaders(body, encode_chunked=encode_chunked)
  File "/opt/pyenv/versions/3.8.12/lib/python3.8/http/client.py", line 1251, in endheaders
    self._send_output(message_body, encode_chunked=encode_chunked)
  File "/opt/pyenv/versions/3.8.12/lib/python3.8/http/client.py", line 1011, in _send_output
    self.send(msg)
  File "/opt/pyenv/versions/3.8.12/lib/python3.8/http/client.py", line 951, in send
    self.connect()
  File "/openedx/venv/lib/python3.8/site-packages/urllib3/connection.py", line 205, in connect
    conn = self._new_conn()
  File "/openedx/venv/lib/python3.8/site-packages/urllib3/connection.py", line 186, in _new_conn
    raise NewConnectionError(
urllib3.exceptions.NewConnectionError: <urllib3.connection.HTTPConnection object at 0x7fd4fe777a00>: Failed to establish a new connection: [Errno 111] Connection refused

During handling of the above exception, another exception occurred:

Traceback (most recent call last):
  File "/openedx/venv/lib/python3.8/site-packages/requests/adapters.py", line 439, in send
    resp = conn.urlopen(
  File "/openedx/venv/lib/python3.8/site-packages/urllib3/connectionpool.py", line 755, in urlopen
    retries = retries.increment(
  File "/openedx/venv/lib/python3.8/site-packages/urllib3/util/retry.py", line 574, in increment
    raise MaxRetryError(_pool, url, error or ResponseError(cause))
urllib3.exceptions.MaxRetryError: HTTPConnectionPool(host='video.google.com', port=80): Max retries exceeded with url: /timedtext?type=list&v=3_yD_cEKoCk (Caused by NewConnectionError('<urllib3.connection.HTTPConnection object at 0x7fd4fe777a00>: Failed to establish a new connection: [Errno 111] Connection refused'))

During handling of the above exception, another exception occurred:

Traceback (most recent call last):
  File "/openedx/venv/lib/python3.8/site-packages/django/core/handlers/exception.py", line 47, in inner
    response = get_response(request)
  File "/openedx/venv/lib/python3.8/site-packages/django/core/handlers/base.py", line 181, in _get_response
    response = wrapped_callback(request, *callback_args, **callback_kwargs)
  File "/opt/pyenv/versions/3.8.12/lib/python3.8/contextlib.py", line 75, in inner
    return func(*args, **kwds)
  File "/openedx/venv/lib/python3.8/site-packages/django/contrib/auth/decorators.py", line 21, in _wrapped_view
    return view_func(request, *args, **kwargs)
  File "/openedx/edx-platform/./cms/djangoapps/contentstore/views/transcripts_ajax.py", line 346, in check_transcripts
    youtube_transcript_name = youtube_video_transcript_name(youtube_text_api)
  File "/openedx/edx-platform/common/lib/xmodule/xmodule/video_module/transcripts_utils.py", line 145, in youtube_video_transcript_name
    youtube_response = requests.get('http://' + youtube_text_api['url'], params=transcripts_param)
  File "/openedx/venv/lib/python3.8/site-packages/requests/api.py", line 75, in get
    return request('get', url, params=params, **kwargs)
  File "/openedx/venv/lib/python3.8/site-packages/requests/api.py", line 61, in request
    return session.request(method=method, url=url, **kwargs)
  File "/openedx/venv/lib/python3.8/site-packages/requests/sessions.py", line 542, in request
    resp = self.send(prep, **send_kwargs)
  File "/openedx/venv/lib/python3.8/site-packages/requests/sessions.py", line 655, in send
    r = adapter.send(request, **kwargs)
  File "/openedx/venv/lib/python3.8/site-packages/requests/adapters.py", line 516, in send
    raise ConnectionError(e, request=request)
requests.exceptions.ConnectionError: HTTPConnectionPool(host='video.google.com', port=80): Max retries exceeded with url: /timedtext?type=list&v=3_yD_cEKoCk (Caused by NewConnectionError('<urllib3.connection.HTTPConnection object at 0x7fd4fe777a00>: Failed to establish a new connection: [Errno 111] Connection refused'))
2022-07-19 09:11:38,435 ERROR 7 [django.request] [user 4] [ip 172.18.0.1] log.py:224 - Internal Server Error: /transcripts/check
Traceback (most recent call last):
  File "/openedx/edx-platform/./cms/djangoapps/contentstore/views/transcripts_ajax.py", line 318, in check_transcripts
    get_transcript_from_val(edx_video_id=edx_video_id, lang='en')
  File "/openedx/edx-platform/common/lib/xmodule/xmodule/video_module/transcripts_utils.py", line 69, in wrapper
    return func(*args, **kwds)
  File "/openedx/edx-platform/common/lib/xmodule/xmodule/video_module/transcripts_utils.py", line 877, in get_transcript_from_val
    raise NotFoundError(f'Transcript not found for {edx_video_id}, lang: {lang}')
xmodule.exceptions.NotFoundError: Transcript not found for None, lang: en

During handling of the above exception, another exception occurred:

Traceback (most recent call last):
  File "/openedx/venv/lib/python3.8/site-packages/urllib3/connection.py", line 174, in _new_conn
    conn = connection.create_connection(
  File "/openedx/venv/lib/python3.8/site-packages/urllib3/util/connection.py", line 96, in create_connection
    raise err
  File "/openedx/venv/lib/python3.8/site-packages/urllib3/util/connection.py", line 86, in create_connection
    sock.connect(sa)
ConnectionRefusedError: [Errno 111] Connection refused

During handling of the above exception, another exception occurred:

Traceback (most recent call last):
  File "/openedx/venv/lib/python3.8/site-packages/urllib3/connectionpool.py", line 699, in urlopen
    httplib_response = self._make_request(
  File "/openedx/venv/lib/python3.8/site-packages/urllib3/connectionpool.py", line 394, in _make_request
    conn.request(method, url, **httplib_request_kw)
  File "/openedx/venv/lib/python3.8/site-packages/urllib3/connection.py", line 239, in request
    super(HTTPConnection, self).request(method, url, body=body, headers=headers)
  File "/opt/pyenv/versions/3.8.12/lib/python3.8/http/client.py", line 1256, in request
    self._send_request(method, url, body, headers, encode_chunked)
  File "/opt/pyenv/versions/3.8.12/lib/python3.8/http/client.py", line 1302, in _send_request
    self.endheaders(body, encode_chunked=encode_chunked)
  File "/opt/pyenv/versions/3.8.12/lib/python3.8/http/client.py", line 1251, in endheaders
    self._send_output(message_body, encode_chunked=encode_chunked)
  File "/opt/pyenv/versions/3.8.12/lib/python3.8/http/client.py", line 1011, in _send_output
    self.send(msg)
  File "/opt/pyenv/versions/3.8.12/lib/python3.8/http/client.py", line 951, in send
    self.connect()
  File "/openedx/venv/lib/python3.8/site-packages/urllib3/connection.py", line 205, in connect
    conn = self._new_conn()
  File "/openedx/venv/lib/python3.8/site-packages/urllib3/connection.py", line 186, in _new_conn
    raise NewConnectionError(
urllib3.exceptions.NewConnectionError: <urllib3.connection.HTTPConnection object at 0x7fd4fe777a00>: Failed to establish a new connection: [Errno 111] Connection refused

During handling of the above exception, another exception occurred:

Traceback (most recent call last):
  File "/openedx/venv/lib/python3.8/site-packages/requests/adapters.py", line 439, in send
    resp = conn.urlopen(
  File "/openedx/venv/lib/python3.8/site-packages/urllib3/connectionpool.py", line 755, in urlopen
    retries = retries.increment(
  File "/openedx/venv/lib/python3.8/site-packages/urllib3/util/retry.py", line 574, in increment
    raise MaxRetryError(_pool, url, error or ResponseError(cause))
urllib3.exceptions.MaxRetryError: HTTPConnectionPool(host='video.google.com', port=80): Max retries exceeded with url: /timedtext?type=list&v=3_yD_cEKoCk (Caused by NewConnectionError('<urllib3.connection.HTTPConnection object at 0x7fd4fe777a00>: Failed to establish a new connection: [Errno 111] Connection refused'))

During handling of the above exception, another exception occurred:

Traceback (most recent call last):
  File "/openedx/venv/lib/python3.8/site-packages/django/core/handlers/exception.py", line 47, in inner
    response = get_response(request)
  File "/openedx/venv/lib/python3.8/site-packages/django/core/handlers/base.py", line 181, in _get_response
    response = wrapped_callback(request, *callback_args, **callback_kwargs)
  File "/opt/pyenv/versions/3.8.12/lib/python3.8/contextlib.py", line 75, in inner
    return func(*args, **kwds)
  File "/openedx/venv/lib/python3.8/site-packages/django/contrib/auth/decorators.py", line 21, in _wrapped_view
    return view_func(request, *args, **kwargs)
  File "/openedx/edx-platform/./cms/djangoapps/contentstore/views/transcripts_ajax.py", line 346, in check_transcripts
    youtube_transcript_name = youtube_video_transcript_name(youtube_text_api)
  File "/openedx/edx-platform/common/lib/xmodule/xmodule/video_module/transcripts_utils.py", line 145, in youtube_video_transcript_name
    youtube_response = requests.get('http://' + youtube_text_api['url'], params=transcripts_param)
  File "/openedx/venv/lib/python3.8/site-packages/requests/api.py", line 75, in get
    return request('get', url, params=params, **kwargs)
  File "/openedx/venv/lib/python3.8/site-packages/requests/api.py", line 61, in request
    return session.request(method=method, url=url, **kwargs)
  File "/openedx/venv/lib/python3.8/site-packages/requests/sessions.py", line 542, in request
    resp = self.send(prep, **send_kwargs)
  File "/openedx/venv/lib/python3.8/site-packages/requests/sessions.py", line 655, in send
    r = adapter.send(request, **kwargs)
  File "/openedx/venv/lib/python3.8/site-packages/requests/adapters.py", line 516, in send
    raise ConnectionError(e, request=request)
requests.exceptions.ConnectionError: HTTPConnectionPool(host='video.google.com', port=80): Max retries exceeded with url: /timedtext?type=list&v=3_yD_cEKoCk (Caused by NewConnectionError('<urllib3.connection.HTTPConnection object at 0x7fd4fe777a00>: Failed to establish a new connection: [Errno 111] Connection refused'))
2022-07-19 09:11:57,910 INFO 14 [tracking] [user 4] [ip 172.18.0.1] logger.py:41 - {"name": "/transcripts/check", "context": {"user_id": 4, "path": "/transcripts/check", "course_id": "", "org_id": "", "enterprise_uuid": ""}, "username": "julien", "session": "e519aaafc782d9469032137507c598f2", "ip": "172.18.0.1", "agent": "Mozilla/5.0 (X11; Linux x86_64) AppleWebKit/537.36 (KHTML, like Gecko) Chrome/104.0.0.0 Safari/537.36", "host": "studio.local.overhang.io", "referer": "http://studio.local.overhang.io/container/block-v1:qiaojiX+CS101+2022_T1+type@vertical+block@ca1882d9f29740c9b15d918b6836be0c?action=new", "accept_language": "en-US,en;q=0.9", "event": "{\"GET\": {\"data\": [\"{\\\"locator\\\":\\\"block-v1:qiaojiX+CS101+2022_T1+type@video+block@d19975866be447cf9de857a5d7fc276b\\\",\\\"videos\\\":[{\\\"mode\\\":\\\"html5\\\",\\\"video\\\":\\\"kUrKtlo9LWIA\\\",\\\"type\\\":\\\"mp4\\\"},{\\\"mode\\\":\\\"edx_video_id\\\",\\\"type\\\":\\\"edx_video_id\\\",\\\"video\\\":\\\"\\\"}]}\"]}, \"POST\": {}}", "time": "2022-07-19T09:11:57.909451+00:00", "event_type": "/transcripts/check", "event_source": "server", "page": null}
2022-07-19 09:12:01,655 INFO 7 [tracking] [user 4] [ip 172.18.0.1] logger.py:41 - {"name": "/xblock/block-v1:qiaojiX+CS101+2022_T1+type@video+block@d19975866be447cf9de857a5d7fc276b", "context": {"user_id": 4, "path": "/xblock/block-v1:qiaojiX+CS101+2022_T1+type@video+block@d19975866be447cf9de857a5d7fc276b", "course_id": "", "org_id": "", "enterprise_uuid": ""}, "username": "julien", "session": "e519aaafc782d9469032137507c598f2", "ip": "172.18.0.1", "agent": "Mozilla/5.0 (X11; Linux x86_64) AppleWebKit/537.36 (KHTML, like Gecko) Chrome/104.0.0.0 Safari/537.36", "host": "studio.local.overhang.io", "referer": "http://studio.local.overhang.io/container/block-v1:qiaojiX+CS101+2022_T1+type@vertical+block@ca1882d9f29740c9b15d918b6836be0c?action=new", "accept_language": "en-US,en;q=0.9", "event": "{\"GET\": {}, \"POST\": {}}", "time": "2022-07-19T09:12:01.654766+00:00", "event_type": "/xblock/block-v1:qiaojiX+CS101+2022_T1+type@video+block@d19975866be447cf9de857a5d7fc276b", "event_source": "server", "page": null}
2022-07-19 09:12:01,724 INFO 14 [tracking] [user 4] [ip 172.18.0.1] logger.py:41 - {"name": "/xblock/block-v1:qiaojiX+CS101+2022_T1+type@video+block@d19975866be447cf9de857a5d7fc276b/reorderable_container_child_preview", "context": {"user_id": 4, "path": "/xblock/block-v1:qiaojiX+CS101+2022_T1+type@video+block@d19975866be447cf9de857a5d7fc276b/reorderable_container_child_preview", "course_id": "", "org_id": "", "enterprise_uuid": ""}, "username": "julien", "session": "e519aaafc782d9469032137507c598f2", "ip": "172.18.0.1", "agent": "Mozilla/5.0 (X11; Linux x86_64) AppleWebKit/537.36 (KHTML, like Gecko) Chrome/104.0.0.0 Safari/537.36", "host": "studio.local.overhang.io", "referer": "http://studio.local.overhang.io/container/block-v1:qiaojiX+CS101+2022_T1+type@vertical+block@ca1882d9f29740c9b15d918b6836be0c?action=new", "accept_language": "en-US,en;q=0.9", "event": "{\"GET\": {\"_\": [\"1658221868272\"]}, \"POST\": {}}", "time": "2022-07-19T09:12:01.723819+00:00", "event_type": "/xblock/block-v1:qiaojiX+CS101+2022_T1+type@video+block@d19975866be447cf9de857a5d7fc276b/reorderable_container_child_preview", "event_source": "server", "page": null}
2022-07-19 09:12:01,962 INFO 7 [tracking] [user 4] [ip 172.18.0.1] logger.py:41 - {"name": "/preview/xblock/block-v1:qiaojiX+CS101+2022_T1+type@video+block@d19975866be447cf9de857a5d7fc276b/handler/transcript/translation/en", "context": {"user_id": 4, "path": "/preview/xblock/block-v1:qiaojiX+CS101+2022_T1+type@video+block@d19975866be447cf9de857a5d7fc276b/handler/transcript/translation/en", "course_id": "", "org_id": "", "enterprise_uuid": ""}, "username": "julien", "session": "e519aaafc782d9469032137507c598f2", "ip": "172.18.0.1", "agent": "Mozilla/5.0 (X11; Linux x86_64) AppleWebKit/537.36 (KHTML, like Gecko) Chrome/104.0.0.0 Safari/537.36", "host": "studio.local.overhang.io", "referer": "http://studio.local.overhang.io/container/block-v1:qiaojiX+CS101+2022_T1+type@vertical+block@ca1882d9f29740c9b15d918b6836be0c?action=new", "accept_language": "en-US,en;q=0.9", "event": "{\"GET\": {}, \"POST\": {}}", "time": "2022-07-19T09:12:01.962153+00:00", "event_type": "/preview/xblock/block-v1:qiaojiX+CS101+2022_T1+type@video+block@d19975866be447cf9de857a5d7fc276b/handler/transcript/translation/en", "event_source": "server", "page": null}
2022-07-19 09:12:01,997 INFO 14 [tracking] [user 4] [ip 172.18.0.1] logger.py:41 - {"name": "/xblock/container/block-v1:qiaojiX+CS101+2022_T1+type@vertical+block@ca1882d9f29740c9b15d918b6836be0c", "context": {"user_id": 4, "path": "/xblock/container/block-v1:qiaojiX+CS101+2022_T1+type@vertical+block@ca1882d9f29740c9b15d918b6836be0c", "course_id": "", "org_id": "", "enterprise_uuid": ""}, "username": "julien", "session": "e519aaafc782d9469032137507c598f2", "ip": "172.18.0.1", "agent": "Mozilla/5.0 (X11; Linux x86_64) AppleWebKit/537.36 (KHTML, like Gecko) Chrome/104.0.0.0 Safari/537.36", "host": "studio.local.overhang.io", "referer": "http://studio.local.overhang.io/container/block-v1:qiaojiX+CS101+2022_T1+type@vertical+block@ca1882d9f29740c9b15d918b6836be0c?action=new", "accept_language": "en-US,en;q=0.9", "event": "{\"GET\": {}, \"POST\": {}}", "time": "2022-07-19T09:12:01.997106+00:00", "event_type": "/xblock/container/block-v1:qiaojiX+CS101+2022_T1+type@vertical+block@ca1882d9f29740c9b15d918b6836be0c", "event_source": "server", "page": null}
2022-07-19 09:12:02,005 WARNING 7 [xmodule.video_module.video_handlers] [user 4] [ip 172.18.0.1] video_handlers.py:354 - [Translation Dispatch] block-v1:qiaojiX+CS101+2022_T1+type@video+block@d19975866be447cf9de857a5d7fc276b: Transcript not found for , lang: en
2022-07-19 09:12:06,505 INFO 14 [tracking] [user 4] [ip 172.18.0.1] logger.py:41 - {"name": "/xblock/block-v1:qiaojiX+CS101+2022_T1+type@vertical+block@ca1882d9f29740c9b15d918b6836be0c", "context": {"user_id": 4, "path": "/xblock/block-v1:qiaojiX+CS101+2022_T1+type@vertical+block@ca1882d9f29740c9b15d918b6836be0c", "course_id": "", "org_id": "", "enterprise_uuid": ""}, "username": "julien", "session": "e519aaafc782d9469032137507c598f2", "ip": "172.18.0.1", "agent": "Mozilla/5.0 (X11; Linux x86_64) AppleWebKit/537.36 (KHTML, like Gecko) Chrome/104.0.0.0 Safari/537.36", "host": "studio.local.overhang.io", "referer": "http://studio.local.overhang.io/container/block-v1:qiaojiX+CS101+2022_T1+type@vertical+block@ca1882d9f29740c9b15d918b6836be0c?action=new", "accept_language": "en-US,en;q=0.9", "event": "{\"GET\": {}, \"POST\": {}}", "time": "2022-07-19T09:12:06.505637+00:00", "event_type": "/xblock/block-v1:qiaojiX+CS101+2022_T1+type@vertical+block@ca1882d9f29740c9b15d918b6836be0c", "event_source": "server", "page": null}
2022-07-19 09:12:06,568 INFO 14 [openedx.core.djangoapps.content.course_overviews.models] [user 4] [ip 172.18.0.1] models.py:278 - Attempting to load CourseOverview for course course-v1:qiaojiX+CS101+2022_T1 from modulestore.
2022-07-19 09:12:06,573 INFO 14 [openedx.core.djangoapps.content.course_overviews.models] [user 4] [ip 172.18.0.1] models.py:188 - Updating course overview for course-v1:qiaojiX+CS101+2022_T1.
2022-07-19 09:12:06,649 INFO 14 [openedx.core.djangoapps.course_date_signals.handlers] [user 4] [ip 172.18.0.1] handlers.py:125 - Extracting course dates for course-v1:qiaojiX+CS101+2022_T1
2022-07-19 09:12:06,653 INFO 14 [openedx.core.djangoapps.course_date_signals.handlers] [user 4] [ip 172.18.0.1] handlers.py:159 - Extracting dates from 7 items in course-v1:qiaojiX+CS101+2022_T1
2022-07-19 09:12:06,654 INFO 14 [edx_when.api] [user 4] [ip 172.18.0.1] api.py:94 - Setting date for BlockUsageLocator(CourseLocator('qiaojiX', 'CS101', '2022_T1', None, None), 'course', 'course'), start, datetime.datetime(2030, 1, 1, 0, 0, tzinfo=<bson.tz_util.FixedOffset object at 0x7fd4fc6af130>)
2022-07-19 09:12:06,772 INFO 14 [celery_utils.logged_task] [user 4] [ip 172.18.0.1] logged_task.py:25 - Task lms.djangoapps.discussion.tasks.update_discussions_map[7b312112-1ddc-418b-b323-2e530c918519] submitted with arguments [{'course_id': 'course-v1:qiaojiX+CS101+2022_T1'}], None
2022-07-19 09:12:06,773 INFO 14 [xmodule.modulestore.django] [user 4] [ip 172.18.0.1] django.py:199 - Sent course_published signal to <function listen_for_course_publish at 0x7fd501e010d0> with kwargs {'course_key': CourseLocator('qiaojiX', 'CS101', '2022_T1', None, None)}. Response was: None
2022-07-19 09:12:06,774 INFO 14 [xmodule.modulestore.django] [user 4] [ip 172.18.0.1] django.py:199 - Sent course_published signal to <function export_course_metadata at 0x7fd501e01e50> with kwargs {'course_key': CourseLocator('qiaojiX', 'CS101', '2022_T1', None, None)}. Response was: None
2022-07-19 09:12:06,774 INFO 14 [xmodule.modulestore.django] [user 4] [ip 172.18.0.1] django.py:199 - Sent course_published signal to <function _listen_for_course_publish at 0x7fd5012aa3a0> with kwargs {'course_key': CourseLocator('qiaojiX', 'CS101', '2022_T1', None, None)}. Response was: None
2022-07-19 09:12:06,774 INFO 14 [xmodule.modulestore.django] [user 4] [ip 172.18.0.1] django.py:199 - Sent course_published signal to <function _listen_for_course_publish at 0x7fd5012aa5e0> with kwargs {'course_key': CourseLocator('qiaojiX', 'CS101', '2022_T1', None, None)}. Response was: None
2022-07-19 09:12:06,775 INFO 14 [xmodule.modulestore.django] [user 4] [ip 172.18.0.1] django.py:199 - Sent course_published signal to <function update_block_structure_on_course_publish at 0x7fd5012af940> with kwargs {'course_key': CourseLocator('qiaojiX', 'CS101', '2022_T1', None, None)}. Response was: None
2022-07-19 09:12:06,776 INFO 14 [xmodule.modulestore.django] [user 4] [ip 172.18.0.1] django.py:199 - Sent course_published signal to <function _listen_for_course_publish at 0x7fd50123d4c0> with kwargs {'course_key': CourseLocator('qiaojiX', 'CS101', '2022_T1', None, None)}. Response was: None
2022-07-19 09:12:06,777 INFO 14 [xmodule.modulestore.django] [user 4] [ip 172.18.0.1] django.py:199 - Sent course_published signal to <function extract_dates at 0x7fd5011a90d0> with kwargs {'course_key': CourseLocator('qiaojiX', 'CS101', '2022_T1', None, None)}. Response was: None
2022-07-19 09:12:06,777 INFO 14 [xmodule.modulestore.django] [user 4] [ip 172.18.0.1] django.py:199 - Sent course_published signal to <function trigger_update_xblocks_cache_task at 0x7fd5010b2ca0> with kwargs {'course_key': CourseLocator('qiaojiX', 'CS101', '2022_T1', None, None)}. Response was: None
2022-07-19 09:12:06,778 INFO 14 [xmodule.modulestore.django] [user 4] [ip 172.18.0.1] django.py:199 - Sent course_published signal to <function update_course_apps at 0x7fd5010388b0> with kwargs {'course_key': CourseLocator('qiaojiX', 'CS101', '2022_T1', None, None)}. Response was: None
2022-07-19 09:12:06,778 INFO 14 [xmodule.modulestore.django] [user 4] [ip 172.18.0.1] django.py:199 - Sent course_published signal to <function update_discussions_on_course_publish at 0x7fd500ffa0d0> with kwargs {'course_key': CourseLocator('qiaojiX', 'CS101', '2022_T1', None, None)}. Response was: None
2022-07-19 09:12:06,843 INFO 7 [tracking] [user 4] [ip 172.18.0.1] logger.py:41 - {"name": "/xblock/container/block-v1:qiaojiX+CS101+2022_T1+type@vertical+block@ca1882d9f29740c9b15d918b6836be0c", "context": {"user_id": 4, "path": "/xblock/container/block-v1:qiaojiX+CS101+2022_T1+type@vertical+block@ca1882d9f29740c9b15d918b6836be0c", "course_id": "", "org_id": "", "enterprise_uuid": ""}, "username": "julien", "session": "e519aaafc782d9469032137507c598f2", "ip": "172.18.0.1", "agent": "Mozilla/5.0 (X11; Linux x86_64) AppleWebKit/537.36 (KHTML, like Gecko) Chrome/104.0.0.0 Safari/537.36", "host": "studio.local.overhang.io", "referer": "http://studio.local.overhang.io/container/block-v1:qiaojiX+CS101+2022_T1+type@vertical+block@ca1882d9f29740c9b15d918b6836be0c?action=new", "accept_language": "en-US,en;q=0.9", "event": "{\"GET\": {}, \"POST\": {}}", "time": "2022-07-19T09:12:06.842356+00:00", "event_type": "/xblock/container/block-v1:qiaojiX+CS101+2022_T1+type@vertical+block@ca1882d9f29740c9b15d918b6836be0c", "event_source": "server", "page": null}
2022-07-19 09:12:12,741 INFO 14 [tracking] [user 4] [ip 172.18.0.1] logger.py:41 - {"name": "/settings/details/course-v1:qiaojiX+CS101+2022_T1", "context": {"user_id": 4, "path": "/settings/details/course-v1:qiaojiX+CS101+2022_T1", "course_id": "", "org_id": "", "enterprise_uuid": ""}, "username": "julien", "session": "e519aaafc782d9469032137507c598f2", "ip": "172.18.0.1", "agent": "Mozilla/5.0 (X11; Linux x86_64) AppleWebKit/537.36 (KHTML, like Gecko) Chrome/104.0.0.0 Safari/537.36", "host": "studio.local.overhang.io", "referer": "http://studio.local.overhang.io/container/block-v1:qiaojiX+CS101+2022_T1+type@vertical+block@ca1882d9f29740c9b15d918b6836be0c?action=new", "accept_language": "en-US,en;q=0.9", "event": "{\"GET\": {}, \"POST\": {}}", "time": "2022-07-19T09:12:12.741191+00:00", "event_type": "/settings/details/course-v1:qiaojiX+CS101+2022_T1", "event_source": "server", "page": null}
2022-07-19 09:12:13,456 INFO 7 [tracking] [user 4] [ip 172.18.0.1] logger.py:41 - {"name": "/settings/details/course-v1:qiaojiX+CS101+2022_T1", "context": {"user_id": 4, "path": "/settings/details/course-v1:qiaojiX+CS101+2022_T1", "course_id": "", "org_id": "", "enterprise_uuid": ""}, "username": "julien", "session": "e519aaafc782d9469032137507c598f2", "ip": "172.18.0.1", "agent": "Mozilla/5.0 (X11; Linux x86_64) AppleWebKit/537.36 (KHTML, like Gecko) Chrome/104.0.0.0 Safari/537.36", "host": "studio.local.overhang.io", "referer": "http://studio.local.overhang.io/settings/details/course-v1:qiaojiX+CS101+2022_T1", "accept_language": "en-US,en;q=0.9", "event": "{\"GET\": {\"_\": [\"1658221933047\"]}, \"POST\": {}}", "time": "2022-07-19T09:12:13.456570+00:00", "event_type": "/settings/details/course-v1:qiaojiX+CS101+2022_T1", "event_source": "server", "page": null}
2022-07-19 09:13:32,715 INFO 7 [tracking] [user 4] [ip 172.18.0.1] logger.py:41 - {"name": "/settings/details/course-v1:qiaojiX+CS101+2022_T1", "context": {"user_id": 4, "path": "/settings/details/course-v1:qiaojiX+CS101+2022_T1", "course_id": "", "org_id": "", "enterprise_uuid": ""}, "username": "julien", "session": "e519aaafc782d9469032137507c598f2", "ip": "172.18.0.1", "agent": "Mozilla/5.0 (X11; Linux x86_64) AppleWebKit/537.36 (KHTML, like Gecko) Chrome/104.0.0.0 Safari/537.36", "host": "studio.local.overhang.io", "referer": "http://studio.local.overhang.io/settings/details/course-v1:qiaojiX+CS101+2022_T1", "accept_language": "en-US,en;q=0.9", "event": "{\"GET\": {}, \"POST\": {}}", "time": "2022-07-19T09:13:32.714918+00:00", "event_type": "/settings/details/course-v1:qiaojiX+CS101+2022_T1", "event_source": "server", "page": null}
2022-07-19 09:13:32,989 INFO 7 [openedx.core.djangoapps.content.course_overviews.models] [user 4] [ip 172.18.0.1] models.py:278 - Attempting to load CourseOverview for course course-v1:qiaojiX+CS101+2022_T1 from modulestore.
2022-07-19 09:13:32,991 INFO 7 [openedx.core.djangoapps.content.course_overviews.models] [user 4] [ip 172.18.0.1] models.py:188 - Updating course overview for course-v1:qiaojiX+CS101+2022_T1.
2022-07-19 09:13:33,034 INFO 7 [openedx.core.djangoapps.content.course_overviews.signals] [user 4] [ip 172.18.0.1] signals.py:71 - Course start date changed: course=course-v1:qiaojiX+CS101+2022_T1 previous=2030-01-01T00:00:00+00:00 new=2022-07-18T00:00:00+00:00
2022-07-19 09:13:33,050 INFO 7 [celery_utils.logged_task] [user 4] [ip 172.18.0.1] logged_task.py:25 - Task openedx.core.djangoapps.schedules.tasks.update_course_schedules[90bb3c3f-fdeb-4577-960e-e6f9f9e190d7] submitted with arguments None, {'course_id': 'course-v1:qiaojiX+CS101+2022_T1', 'new_start_date_str': '2022-07-18T00:00:00+00:00', 'new_upgrade_deadline_str': None}
2022-07-19 09:13:33,050 INFO 7 [openedx.core.djangoapps.content.course_overviews.signals] [user 4] [ip 172.18.0.1] signals.py:90 - Certificate availability date for course-v1:qiaojiX+CS101+2022_T1 has changed from None to 2022-07-30 00:00:00+00:00. Sending COURSE_CERT_DATE_CHANGE signal.
2022-07-19 09:13:33,103 INFO 7 [openedx.core.djangoapps.course_date_signals.handlers] [user 4] [ip 172.18.0.1] handlers.py:125 - Extracting course dates for course-v1:qiaojiX+CS101+2022_T1
2022-07-19 09:13:33,112 INFO 7 [openedx.core.djangoapps.course_date_signals.handlers] [user 4] [ip 172.18.0.1] handlers.py:159 - Extracting dates from 16 items in course-v1:qiaojiX+CS101+2022_T1
2022-07-19 09:13:33,114 INFO 7 [edx_when.api] [user 4] [ip 172.18.0.1] api.py:94 - Setting date for BlockUsageLocator(CourseLocator('qiaojiX', 'CS101', '2022_T1', None, None), 'course', 'course'), start, datetime.datetime(2022, 7, 18, 0, 0, tzinfo=tzlocal())
2022-07-19 09:13:33,118 INFO 7 [edx_when.api] [user 4] [ip 172.18.0.1] api.py:426 - updating policy <ContentDate: ContentDate(2030-01-01 00:00:00+00:00, block-v1:qiaojiX+CS101+2022_T1+type@course+block@course, start, course)> datetime.datetime(2030, 1, 1, 0, 0, tzinfo=<UTC>) -> datetime.datetime(2022, 7, 18, 0, 0, tzinfo=tzlocal())
2022-07-19 09:13:33,125 INFO 7 [edx_when.api] [user 4] [ip 172.18.0.1] api.py:94 - Setting date for BlockUsageLocator(CourseLocator('qiaojiX', 'CS101', '2022_T1', None, None), 'course', 'course'), end, datetime.datetime(2022, 7, 28, 0, 0, tzinfo=tzlocal())
2022-07-19 09:13:33,194 INFO 7 [celery_utils.logged_task] [user 4] [ip 172.18.0.1] logged_task.py:25 - Task lms.djangoapps.discussion.tasks.update_discussions_map[cd03538d-ac9e-44d6-b59b-2727c49be7a4] submitted with arguments [{'course_id': 'course-v1:qiaojiX+CS101+2022_T1'}], None
2022-07-19 09:13:33,195 INFO 7 [xmodule.modulestore.django] [user 4] [ip 172.18.0.1] django.py:199 - Sent course_published signal to <function listen_for_course_publish at 0x7fd501e010d0> with kwargs {'course_key': CourseLocator('qiaojiX', 'CS101', '2022_T1', None, None)}. Response was: None
2022-07-19 09:13:33,195 INFO 7 [xmodule.modulestore.django] [user 4] [ip 172.18.0.1] django.py:199 - Sent course_published signal to <function export_course_metadata at 0x7fd501e01e50> with kwargs {'course_key': CourseLocator('qiaojiX', 'CS101', '2022_T1', None, None)}. Response was: None
2022-07-19 09:13:33,195 INFO 7 [xmodule.modulestore.django] [user 4] [ip 172.18.0.1] django.py:199 - Sent course_published signal to <function _listen_for_course_publish at 0x7fd5012aa3a0> with kwargs {'course_key': CourseLocator('qiaojiX', 'CS101', '2022_T1', None, None)}. Response was: None
2022-07-19 09:13:33,195 INFO 7 [xmodule.modulestore.django] [user 4] [ip 172.18.0.1] django.py:199 - Sent course_published signal to <function _listen_for_course_publish at 0x7fd5012aa5e0> with kwargs {'course_key': CourseLocator('qiaojiX', 'CS101', '2022_T1', None, None)}. Response was: None
2022-07-19 09:13:33,195 INFO 7 [xmodule.modulestore.django] [user 4] [ip 172.18.0.1] django.py:199 - Sent course_published signal to <function update_block_structure_on_course_publish at 0x7fd5012af940> with kwargs {'course_key': CourseLocator('qiaojiX', 'CS101', '2022_T1', None, None)}. Response was: None
2022-07-19 09:13:33,196 INFO 7 [xmodule.modulestore.django] [user 4] [ip 172.18.0.1] django.py:199 - Sent course_published signal to <function _listen_for_course_publish at 0x7fd50123d4c0> with kwargs {'course_key': CourseLocator('qiaojiX', 'CS101', '2022_T1', None, None)}. Response was: None
2022-07-19 09:13:33,196 INFO 7 [xmodule.modulestore.django] [user 4] [ip 172.18.0.1] django.py:199 - Sent course_published signal to <function extract_dates at 0x7fd5011a90d0> with kwargs {'course_key': CourseLocator('qiaojiX', 'CS101', '2022_T1', None, None)}. Response was: None
2022-07-19 09:13:33,196 INFO 7 [xmodule.modulestore.django] [user 4] [ip 172.18.0.1] django.py:199 - Sent course_published signal to <function trigger_update_xblocks_cache_task at 0x7fd5010b2ca0> with kwargs {'course_key': CourseLocator('qiaojiX', 'CS101', '2022_T1', None, None)}. Response was: None
2022-07-19 09:13:33,196 INFO 7 [xmodule.modulestore.django] [user 4] [ip 172.18.0.1] django.py:199 - Sent course_published signal to <function update_course_apps at 0x7fd5010388b0> with kwargs {'course_key': CourseLocator('qiaojiX', 'CS101', '2022_T1', None, None)}. Response was: None
2022-07-19 09:13:33,197 INFO 7 [xmodule.modulestore.django] [user 4] [ip 172.18.0.1] django.py:199 - Sent course_published signal to <function update_discussions_on_course_publish at 0x7fd500ffa0d0> with kwargs {'course_key': CourseLocator('qiaojiX', 'CS101', '2022_T1', None, None)}. Response was: None
2022-07-19 09:13:39,524 INFO 7 [tracking] [user 4] [ip 172.18.0.1] logger.py:41 - {"name": "/course/course-v1:qiaojiX+CS101+2022_T1", "context": {"user_id": 4, "path": "/course/course-v1:qiaojiX+CS101+2022_T1", "course_id": "", "org_id": "", "enterprise_uuid": ""}, "username": "julien", "session": "e519aaafc782d9469032137507c598f2", "ip": "172.18.0.1", "agent": "Mozilla/5.0 (X11; Linux x86_64) AppleWebKit/537.36 (KHTML, like Gecko) Chrome/104.0.0.0 Safari/537.36", "host": "studio.local.overhang.io", "referer": "http://studio.local.overhang.io/settings/details/course-v1:qiaojiX+CS101+2022_T1", "accept_language": "en-US,en;q=0.9", "event": "{\"GET\": {}, \"POST\": {}}", "time": "2022-07-19T09:13:39.523761+00:00", "event_type": "/course/course-v1:qiaojiX+CS101+2022_T1", "event_source": "server", "page": null}
2022-07-19 09:13:39,944 INFO 14 [tracking] [user 4] [ip 172.18.0.1] logger.py:41 - {"name": "/api/courses/v1/quality/course-v1:qiaojiX+CS101+2022_T1/", "context": {"user_id": 4, "path": "/api/courses/v1/quality/course-v1:qiaojiX+CS101+2022_T1/", "course_id": "", "org_id": "", "enterprise_uuid": ""}, "username": "julien", "session": "e519aaafc782d9469032137507c598f2", "ip": "172.18.0.1", "agent": "Mozilla/5.0 (X11; Linux x86_64) AppleWebKit/537.36 (KHTML, like Gecko) Chrome/104.0.0.0 Safari/537.36", "host": "studio.local.overhang.io", "referer": "http://studio.local.overhang.io/course/course-v1:qiaojiX+CS101+2022_T1", "accept_language": "en-US,en;q=0.9", "event": "{\"GET\": {\"exclude_graded\": [\"true\"], \"all\": [\"true\"]}, \"POST\": {}}", "time": "2022-07-19T09:13:39.943801+00:00", "event_type": "/api/courses/v1/quality/course-v1:qiaojiX+CS101+2022_T1/", "event_source": "server", "page": null}
2022-07-19 09:13:39,957 INFO 14 [edx_rest_framework_extensions.auth.jwt.middleware] [user 4] [ip 172.18.0.1] middleware.py:78 - ('The view CourseQualityView allows Jwt Authentication. The required permission class, NotJwtRestrictedApplication,', ' was automatically added.')
2022-07-19 09:13:39,968 INFO 7 [tracking] [user 4] [ip 172.18.0.1] logger.py:41 - {"name": "/api/courses/v1/validation/course-v1:qiaojiX+CS101+2022_T1/", "context": {"user_id": 4, "path": "/api/courses/v1/validation/course-v1:qiaojiX+CS101+2022_T1/", "course_id": "", "org_id": "", "enterprise_uuid": ""}, "username": "julien", "session": "e519aaafc782d9469032137507c598f2", "ip": "172.18.0.1", "agent": "Mozilla/5.0 (X11; Linux x86_64) AppleWebKit/537.36 (KHTML, like Gecko) Chrome/104.0.0.0 Safari/537.36", "host": "studio.local.overhang.io", "referer": "http://studio.local.overhang.io/course/course-v1:qiaojiX+CS101+2022_T1", "accept_language": "en-US,en;q=0.9", "event": "{\"GET\": {\"graded_only\": [\"true\"], \"all\": [\"true\"]}, \"POST\": {}}", "time": "2022-07-19T09:13:39.967843+00:00", "event_type": "/api/courses/v1/validation/course-v1:qiaojiX+CS101+2022_T1/", "event_source": "server", "page": null}
2022-07-19 09:13:39,983 INFO 7 [edx_rest_framework_extensions.auth.jwt.middleware] [user 4] [ip 172.18.0.1] middleware.py:78 - ('The view CourseValidationView allows Jwt Authentication. The required permission class, NotJwtRestrictedApplication,', ' was automatically added.')
2022-07-19 09:13:44,202 INFO 7 [tracking] [user 4] [ip 172.18.0.1] logger.py:41 - {"name": "/xblock/", "context": {"user_id": 4, "path": "/xblock/", "course_id": "", "org_id": "", "enterprise_uuid": ""}, "username": "julien", "session": "e519aaafc782d9469032137507c598f2", "ip": "172.18.0.1", "agent": "Mozilla/5.0 (X11; Linux x86_64) AppleWebKit/537.36 (KHTML, like Gecko) Chrome/104.0.0.0 Safari/537.36", "host": "studio.local.overhang.io", "referer": "http://studio.local.overhang.io/course/course-v1:qiaojiX+CS101+2022_T1", "accept_language": "en-US,en;q=0.9", "event": "{\"GET\": {}, \"POST\": {}}", "time": "2022-07-19T09:13:44.202161+00:00", "event_type": "/xblock/", "event_source": "server", "page": null}
2022-07-19 09:13:44,263 INFO 7 [openedx.core.djangoapps.content.course_overviews.models] [user 4] [ip 172.18.0.1] models.py:278 - Attempting to load CourseOverview for course course-v1:qiaojiX+CS101+2022_T1 from modulestore.
2022-07-19 09:13:44,277 INFO 7 [openedx.core.djangoapps.content.course_overviews.models] [user 4] [ip 172.18.0.1] models.py:188 - Updating course overview for course-v1:qiaojiX+CS101+2022_T1.
2022-07-19 09:13:44,314 INFO 7 [openedx.core.djangoapps.course_date_signals.handlers] [user 4] [ip 172.18.0.1] handlers.py:125 - Extracting course dates for course-v1:qiaojiX+CS101+2022_T1
2022-07-19 09:13:44,324 INFO 7 [openedx.core.djangoapps.course_date_signals.handlers] [user 4] [ip 172.18.0.1] handlers.py:159 - Extracting dates from 17 items in course-v1:qiaojiX+CS101+2022_T1
2022-07-19 09:13:44,325 INFO 7 [edx_when.api] [user 4] [ip 172.18.0.1] api.py:94 - Setting date for BlockUsageLocator(CourseLocator('qiaojiX', 'CS101', '2022_T1', None, None), 'course', 'course'), start, datetime.datetime(2022, 7, 18, 0, 0, tzinfo=<bson.tz_util.FixedOffset object at 0x7fd4fe716880>)
2022-07-19 09:13:44,334 INFO 7 [edx_when.api] [user 4] [ip 172.18.0.1] api.py:94 - Setting date for BlockUsageLocator(CourseLocator('qiaojiX', 'CS101', '2022_T1', None, None), 'course', 'course'), end, datetime.datetime(2022, 7, 28, 0, 0, tzinfo=<bson.tz_util.FixedOffset object at 0x7fd4fe716880>)
2022-07-19 09:13:44,375 INFO 7 [celery_utils.logged_task] [user 4] [ip 172.18.0.1] logged_task.py:25 - Task lms.djangoapps.discussion.tasks.update_discussions_map[1a21073c-4d5b-4d7f-bc23-41fde3bdaf1d] submitted with arguments [{'course_id': 'course-v1:qiaojiX+CS101+2022_T1'}], None
2022-07-19 09:13:44,376 INFO 7 [xmodule.modulestore.django] [user 4] [ip 172.18.0.1] django.py:199 - Sent course_published signal to <function listen_for_course_publish at 0x7fd501e010d0> with kwargs {'course_key': CourseLocator('qiaojiX', 'CS101', '2022_T1', None, None)}. Response was: None
2022-07-19 09:13:44,376 INFO 7 [xmodule.modulestore.django] [user 4] [ip 172.18.0.1] django.py:199 - Sent course_published signal to <function export_course_metadata at 0x7fd501e01e50> with kwargs {'course_key': CourseLocator('qiaojiX', 'CS101', '2022_T1', None, None)}. Response was: None
2022-07-19 09:13:44,376 INFO 7 [xmodule.modulestore.django] [user 4] [ip 172.18.0.1] django.py:199 - Sent course_published signal to <function _listen_for_course_publish at 0x7fd5012aa3a0> with kwargs {'course_key': CourseLocator('qiaojiX', 'CS101', '2022_T1', None, None)}. Response was: None
2022-07-19 09:13:44,377 INFO 7 [xmodule.modulestore.django] [user 4] [ip 172.18.0.1] django.py:199 - Sent course_published signal to <function _listen_for_course_publish at 0x7fd5012aa5e0> with kwargs {'course_key': CourseLocator('qiaojiX', 'CS101', '2022_T1', None, None)}. Response was: None
2022-07-19 09:13:44,377 INFO 7 [xmodule.modulestore.django] [user 4] [ip 172.18.0.1] django.py:199 - Sent course_published signal to <function update_block_structure_on_course_publish at 0x7fd5012af940> with kwargs {'course_key': CourseLocator('qiaojiX', 'CS101', '2022_T1', None, None)}. Response was: None
2022-07-19 09:13:44,377 INFO 7 [xmodule.modulestore.django] [user 4] [ip 172.18.0.1] django.py:199 - Sent course_published signal to <function _listen_for_course_publish at 0x7fd50123d4c0> with kwargs {'course_key': CourseLocator('qiaojiX', 'CS101', '2022_T1', None, None)}. Response was: None
2022-07-19 09:13:44,377 INFO 7 [xmodule.modulestore.django] [user 4] [ip 172.18.0.1] django.py:199 - Sent course_published signal to <function extract_dates at 0x7fd5011a90d0> with kwargs {'course_key': CourseLocator('qiaojiX', 'CS101', '2022_T1', None, None)}. Response was: None
2022-07-19 09:13:44,377 INFO 7 [xmodule.modulestore.django] [user 4] [ip 172.18.0.1] django.py:199 - Sent course_published signal to <function trigger_update_xblocks_cache_task at 0x7fd5010b2ca0> with kwargs {'course_key': CourseLocator('qiaojiX', 'CS101', '2022_T1', None, None)}. Response was: None
2022-07-19 09:13:44,377 INFO 7 [xmodule.modulestore.django] [user 4] [ip 172.18.0.1] django.py:199 - Sent course_published signal to <function update_course_apps at 0x7fd5010388b0> with kwargs {'course_key': CourseLocator('qiaojiX', 'CS101', '2022_T1', None, None)}. Response was: None
2022-07-19 09:13:44,378 INFO 7 [xmodule.modulestore.django] [user 4] [ip 172.18.0.1] django.py:199 - Sent course_published signal to <function update_discussions_on_course_publish at 0x7fd500ffa0d0> with kwargs {'course_key': CourseLocator('qiaojiX', 'CS101', '2022_T1', None, None)}. Response was: None
2022-07-19 09:13:44,419 INFO 14 [tracking] [user 4] [ip 172.18.0.1] logger.py:41 - {"name": "/xblock/outline/block-v1:qiaojiX+CS101+2022_T1+type@chapter+block@852b75accb3a40ac9ea265f47d839018", "context": {"user_id": 4, "path": "/xblock/outline/block-v1:qiaojiX+CS101+2022_T1+type@chapter+block@852b75accb3a40ac9ea265f47d839018", "course_id": "", "org_id": "", "enterprise_uuid": ""}, "username": "julien", "session": "e519aaafc782d9469032137507c598f2", "ip": "172.18.0.1", "agent": "Mozilla/5.0 (X11; Linux x86_64) AppleWebKit/537.36 (KHTML, like Gecko) Chrome/104.0.0.0 Safari/537.36", "host": "studio.local.overhang.io", "referer": "http://studio.local.overhang.io/course/course-v1:qiaojiX+CS101+2022_T1", "accept_language": "en-US,en;q=0.9", "event": "{\"GET\": {}, \"POST\": {}}", "time": "2022-07-19T09:13:44.418882+00:00", "event_type": "/xblock/outline/block-v1:qiaojiX+CS101+2022_T1+type@chapter+block@852b75accb3a40ac9ea265f47d839018", "event_source": "server", "page": null}
2022-07-19 09:13:46,158 INFO 7 [tracking] [user 4] [ip 172.18.0.1] logger.py:41 - {"name": "/xblock/", "context": {"user_id": 4, "path": "/xblock/", "course_id": "", "org_id": "", "enterprise_uuid": ""}, "username": "julien", "session": "e519aaafc782d9469032137507c598f2", "ip": "172.18.0.1", "agent": "Mozilla/5.0 (X11; Linux x86_64) AppleWebKit/537.36 (KHTML, like Gecko) Chrome/104.0.0.0 Safari/537.36", "host": "studio.local.overhang.io", "referer": "http://studio.local.overhang.io/course/course-v1:qiaojiX+CS101+2022_T1", "accept_language": "en-US,en;q=0.9", "event": "{\"GET\": {}, \"POST\": {}}", "time": "2022-07-19T09:13:46.158489+00:00", "event_type": "/xblock/", "event_source": "server", "page": null}
2022-07-19 09:13:46,217 INFO 14 [tracking] [user 4] [ip 172.18.0.1] logger.py:41 - {"name": "/container/block-v1:qiaojiX+CS101+2022_T1+type@vertical+block@407758585cda45428bc07e1f8ce0ee40", "context": {"user_id": 4, "path": "/container/block-v1:qiaojiX+CS101+2022_T1+type@vertical+block@407758585cda45428bc07e1f8ce0ee40", "course_id": "", "org_id": "", "enterprise_uuid": ""}, "username": "julien", "session": "e519aaafc782d9469032137507c598f2", "ip": "172.18.0.1", "agent": "Mozilla/5.0 (X11; Linux x86_64) AppleWebKit/537.36 (KHTML, like Gecko) Chrome/104.0.0.0 Safari/537.36", "host": "studio.local.overhang.io", "referer": "http://studio.local.overhang.io/course/course-v1:qiaojiX+CS101+2022_T1", "accept_language": "en-US,en;q=0.9", "event": "{\"GET\": {\"action\": [\"new\"]}, \"POST\": {}}", "time": "2022-07-19T09:13:46.216856+00:00", "event_type": "/container/block-v1:qiaojiX+CS101+2022_T1+type@vertical+block@407758585cda45428bc07e1f8ce0ee40", "event_source": "server", "page": null}
2022-07-19 09:13:46,938 INFO 7 [tracking] [user 4] [ip 172.18.0.1] logger.py:41 - {"name": "/xblock/block-v1:qiaojiX+CS101+2022_T1+type@vertical+block@407758585cda45428bc07e1f8ce0ee40/container_preview", "context": {"user_id": 4, "path": "/xblock/block-v1:qiaojiX+CS101+2022_T1+type@vertical+block@407758585cda45428bc07e1f8ce0ee40/container_preview", "course_id": "", "org_id": "", "enterprise_uuid": ""}, "username": "julien", "session": "e519aaafc782d9469032137507c598f2", "ip": "172.18.0.1", "agent": "Mozilla/5.0 (X11; Linux x86_64) AppleWebKit/537.36 (KHTML, like Gecko) Chrome/104.0.0.0 Safari/537.36", "host": "studio.local.overhang.io", "referer": "http://studio.local.overhang.io/container/block-v1:qiaojiX+CS101+2022_T1+type@vertical+block@407758585cda45428bc07e1f8ce0ee40?action=new", "accept_language": "en-US,en;q=0.9", "event": "{\"GET\": {\"_\": [\"1658222026616\"]}, \"POST\": {}}", "time": "2022-07-19T09:13:46.938360+00:00", "event_type": "/xblock/block-v1:qiaojiX+CS101+2022_T1+type@vertical+block@407758585cda45428bc07e1f8ce0ee40/container_preview", "event_source": "server", "page": null}
2022-07-19 09:13:47,143 INFO 14 [tracking] [user 4] [ip 172.18.0.1] logger.py:41 - {"name": "/xblock/container/block-v1:qiaojiX+CS101+2022_T1+type@vertical+block@407758585cda45428bc07e1f8ce0ee40", "context": {"user_id": 4, "path": "/xblock/container/block-v1:qiaojiX+CS101+2022_T1+type@vertical+block@407758585cda45428bc07e1f8ce0ee40", "course_id": "", "org_id": "", "enterprise_uuid": ""}, "username": "julien", "session": "e519aaafc782d9469032137507c598f2", "ip": "172.18.0.1", "agent": "Mozilla/5.0 (X11; Linux x86_64) AppleWebKit/537.36 (KHTML, like Gecko) Chrome/104.0.0.0 Safari/537.36", "host": "studio.local.overhang.io", "referer": "http://studio.local.overhang.io/container/block-v1:qiaojiX+CS101+2022_T1+type@vertical+block@407758585cda45428bc07e1f8ce0ee40?action=new", "accept_language": "en-US,en;q=0.9", "event": "{\"GET\": {}, \"POST\": {}}", "time": "2022-07-19T09:13:47.143423+00:00", "event_type": "/xblock/container/block-v1:qiaojiX+CS101+2022_T1+type@vertical+block@407758585cda45428bc07e1f8ce0ee40", "event_source": "server", "page": null}
2022-07-19 09:13:47,431 INFO 7 [tracking] [user 4] [ip 172.18.0.1] logger.py:41 - {"name": "/xblock/block-v1:qiaojiX+CS101+2022_T1+type@sequential+block@a7507af2cd714a0c9401a800e5125523/author_view", "context": {"user_id": 4, "path": "/xblock/block-v1:qiaojiX+CS101+2022_T1+type@sequential+block@a7507af2cd714a0c9401a800e5125523/author_view", "course_id": "", "org_id": "", "enterprise_uuid": ""}, "username": "julien", "session": "e519aaafc782d9469032137507c598f2", "ip": "172.18.0.1", "agent": "Mozilla/5.0 (X11; Linux x86_64) AppleWebKit/537.36 (KHTML, like Gecko) Chrome/104.0.0.0 Safari/537.36", "host": "studio.local.overhang.io", "referer": "http://studio.local.overhang.io/container/block-v1:qiaojiX+CS101+2022_T1+type@vertical+block@407758585cda45428bc07e1f8ce0ee40?action=new", "accept_language": "en-US,en;q=0.9", "event": "{\"GET\": {\"position\": [\"1\"], \"next_url\": [\"None\"], \"prev_url\": [\"/container/block-v1:qiaojiX+CS101+2022_T1+type@vertical+block@ca1882d9f29740c9b15d918b6836be0c\"], \"_\": [\"1658222026617\"]}, \"POST\": {}}", "time": "2022-07-19T09:13:47.431687+00:00", "event_type": "/xblock/block-v1:qiaojiX+CS101+2022_T1+type@sequential+block@a7507af2cd714a0c9401a800e5125523/author_view", "event_source": "server", "page": null}
2022-07-19 09:13:49,835 INFO 14 [tracking] [user 4] [ip 172.18.0.1] logger.py:41 - {"name": "/xblock/", "context": {"user_id": 4, "path": "/xblock/", "course_id": "", "org_id": "", "enterprise_uuid": ""}, "username": "julien", "session": "e519aaafc782d9469032137507c598f2", "ip": "172.18.0.1", "agent": "Mozilla/5.0 (X11; Linux x86_64) AppleWebKit/537.36 (KHTML, like Gecko) Chrome/104.0.0.0 Safari/537.36", "host": "studio.local.overhang.io", "referer": "http://studio.local.overhang.io/container/block-v1:qiaojiX+CS101+2022_T1+type@vertical+block@407758585cda45428bc07e1f8ce0ee40?action=new", "accept_language": "en-US,en;q=0.9", "event": "{\"GET\": {}, \"POST\": {}}", "time": "2022-07-19T09:13:49.834743+00:00", "event_type": "/xblock/", "event_source": "server", "page": null}
2022-07-19 09:13:49,881 INFO 7 [tracking] [user 4] [ip 172.18.0.1] logger.py:41 - {"name": "/xblock/block-v1:qiaojiX+CS101+2022_T1+type@video+block@4551079e9de14c46ab7f34828b5369a1/reorderable_container_child_preview", "context": {"user_id": 4, "path": "/xblock/block-v1:qiaojiX+CS101+2022_T1+type@video+block@4551079e9de14c46ab7f34828b5369a1/reorderable_container_child_preview", "course_id": "", "org_id": "", "enterprise_uuid": ""}, "username": "julien", "session": "e519aaafc782d9469032137507c598f2", "ip": "172.18.0.1", "agent": "Mozilla/5.0 (X11; Linux x86_64) AppleWebKit/537.36 (KHTML, like Gecko) Chrome/104.0.0.0 Safari/537.36", "host": "studio.local.overhang.io", "referer": "http://studio.local.overhang.io/container/block-v1:qiaojiX+CS101+2022_T1+type@vertical+block@407758585cda45428bc07e1f8ce0ee40?action=new", "accept_language": "en-US,en;q=0.9", "event": "{\"GET\": {\"_\": [\"1658222026618\"]}, \"POST\": {}}", "time": "2022-07-19T09:13:49.881538+00:00", "event_type": "/xblock/block-v1:qiaojiX+CS101+2022_T1+type@video+block@4551079e9de14c46ab7f34828b5369a1/reorderable_container_child_preview", "event_source": "server", "page": null}
2022-07-19 09:13:50,101 INFO 14 [tracking] [user 4] [ip 172.18.0.1] logger.py:41 - {"name": "/xblock/container/block-v1:qiaojiX+CS101+2022_T1+type@vertical+block@407758585cda45428bc07e1f8ce0ee40", "context": {"user_id": 4, "path": "/xblock/container/block-v1:qiaojiX+CS101+2022_T1+type@vertical+block@407758585cda45428bc07e1f8ce0ee40", "course_id": "", "org_id": "", "enterprise_uuid": ""}, "username": "julien", "session": "e519aaafc782d9469032137507c598f2", "ip": "172.18.0.1", "agent": "Mozilla/5.0 (X11; Linux x86_64) AppleWebKit/537.36 (KHTML, like Gecko) Chrome/104.0.0.0 Safari/537.36", "host": "studio.local.overhang.io", "referer": "http://studio.local.overhang.io/container/block-v1:qiaojiX+CS101+2022_T1+type@vertical+block@407758585cda45428bc07e1f8ce0ee40?action=new", "accept_language": "en-US,en;q=0.9", "event": "{\"GET\": {}, \"POST\": {}}", "time": "2022-07-19T09:13:50.100673+00:00", "event_type": "/xblock/container/block-v1:qiaojiX+CS101+2022_T1+type@vertical+block@407758585cda45428bc07e1f8ce0ee40", "event_source": "server", "page": null}
2022-07-19 09:14:08,726 INFO 7 [tracking] [user 4] [ip 172.18.0.1] logger.py:41 - {"name": "/xblock/block-v1:qiaojiX+CS101+2022_T1+type@video+block@4551079e9de14c46ab7f34828b5369a1/studio_view", "context": {"user_id": 4, "path": "/xblock/block-v1:qiaojiX+CS101+2022_T1+type@video+block@4551079e9de14c46ab7f34828b5369a1/studio_view", "course_id": "", "org_id": "", "enterprise_uuid": ""}, "username": "julien", "session": "e519aaafc782d9469032137507c598f2", "ip": "172.18.0.1", "agent": "Mozilla/5.0 (X11; Linux x86_64) AppleWebKit/537.36 (KHTML, like Gecko) Chrome/104.0.0.0 Safari/537.36", "host": "studio.local.overhang.io", "referer": "http://studio.local.overhang.io/container/block-v1:qiaojiX+CS101+2022_T1+type@vertical+block@407758585cda45428bc07e1f8ce0ee40?action=new", "accept_language": "en-US,en;q=0.9", "event": "{\"GET\": {\"_\": [\"1658222026619\"]}, \"POST\": {}}", "time": "2022-07-19T09:14:08.725782+00:00", "event_type": "/xblock/block-v1:qiaojiX+CS101+2022_T1+type@video+block@4551079e9de14c46ab7f34828b5369a1/studio_view", "event_source": "server", "page": null}
2022-07-19 09:14:08,995 INFO 14 [tracking] [user 4] [ip 172.18.0.1] logger.py:41 - {"name": "/transcripts/check", "context": {"user_id": 4, "path": "/transcripts/check", "course_id": "", "org_id": "", "enterprise_uuid": ""}, "username": "julien", "session": "e519aaafc782d9469032137507c598f2", "ip": "172.18.0.1", "agent": "Mozilla/5.0 (X11; Linux x86_64) AppleWebKit/537.36 (KHTML, like Gecko) Chrome/104.0.0.0 Safari/537.36", "host": "studio.local.overhang.io", "referer": "http://studio.local.overhang.io/container/block-v1:qiaojiX+CS101+2022_T1+type@vertical+block@407758585cda45428bc07e1f8ce0ee40?action=new", "accept_language": "en-US,en;q=0.9", "event": "{\"GET\": {\"data\": [\"{\\\"locator\\\":\\\"block-v1:qiaojiX+CS101+2022_T1+type@video+block@4551079e9de14c46ab7f34828b5369a1\\\",\\\"videos\\\":[{\\\"mode\\\":\\\"youtube\\\",\\\"video\\\":\\\"3_yD_cEKoCk\\\",\\\"type\\\":\\\"youtube\\\"},{\\\"mode\\\":\\\"edx_video_id\\\",\\\"type\\\":\\\"edx_video_id\\\",\\\"video\\\":\\\"\\\"}]}\"]}, \"POST\": {}}", "time": "2022-07-19T09:14:08.994926+00:00", "event_type": "/transcripts/check", "event_source": "server", "page": null}
2022-07-19 09:14:30,034 ERROR 14 [root] [user None] [ip None] signals.py:22 - Uncaught exception from None
Traceback (most recent call last):
  File "/openedx/edx-platform/./cms/djangoapps/contentstore/views/transcripts_ajax.py", line 318, in check_transcripts
    get_transcript_from_val(edx_video_id=edx_video_id, lang='en')
  File "/openedx/edx-platform/common/lib/xmodule/xmodule/video_module/transcripts_utils.py", line 69, in wrapper
    return func(*args, **kwds)
  File "/openedx/edx-platform/common/lib/xmodule/xmodule/video_module/transcripts_utils.py", line 877, in get_transcript_from_val
    raise NotFoundError(f'Transcript not found for {edx_video_id}, lang: {lang}')
xmodule.exceptions.NotFoundError: Transcript not found for None, lang: en

During handling of the above exception, another exception occurred:

Traceback (most recent call last):
  File "/openedx/venv/lib/python3.8/site-packages/urllib3/connection.py", line 174, in _new_conn
    conn = connection.create_connection(
  File "/openedx/venv/lib/python3.8/site-packages/urllib3/util/connection.py", line 96, in create_connection
    raise err
  File "/openedx/venv/lib/python3.8/site-packages/urllib3/util/connection.py", line 86, in create_connection
    sock.connect(sa)
ConnectionRefusedError: [Errno 111] Connection refused

During handling of the above exception, another exception occurred:

Traceback (most recent call last):
  File "/openedx/venv/lib/python3.8/site-packages/urllib3/connectionpool.py", line 699, in urlopen
    httplib_response = self._make_request(
  File "/openedx/venv/lib/python3.8/site-packages/urllib3/connectionpool.py", line 394, in _make_request
    conn.request(method, url, **httplib_request_kw)
  File "/openedx/venv/lib/python3.8/site-packages/urllib3/connection.py", line 239, in request
    super(HTTPConnection, self).request(method, url, body=body, headers=headers)
  File "/opt/pyenv/versions/3.8.12/lib/python3.8/http/client.py", line 1256, in request
    self._send_request(method, url, body, headers, encode_chunked)
  File "/opt/pyenv/versions/3.8.12/lib/python3.8/http/client.py", line 1302, in _send_request
    self.endheaders(body, encode_chunked=encode_chunked)
  File "/opt/pyenv/versions/3.8.12/lib/python3.8/http/client.py", line 1251, in endheaders
    self._send_output(message_body, encode_chunked=encode_chunked)
  File "/opt/pyenv/versions/3.8.12/lib/python3.8/http/client.py", line 1011, in _send_output
    self.send(msg)
  File "/opt/pyenv/versions/3.8.12/lib/python3.8/http/client.py", line 951, in send
    self.connect()
  File "/openedx/venv/lib/python3.8/site-packages/urllib3/connection.py", line 205, in connect
    conn = self._new_conn()
  File "/openedx/venv/lib/python3.8/site-packages/urllib3/connection.py", line 186, in _new_conn
    raise NewConnectionError(
urllib3.exceptions.NewConnectionError: <urllib3.connection.HTTPConnection object at 0x7fd4fc50fbb0>: Failed to establish a new connection: [Errno 111] Connection refused

During handling of the above exception, another exception occurred:

Traceback (most recent call last):
  File "/openedx/venv/lib/python3.8/site-packages/requests/adapters.py", line 439, in send
    resp = conn.urlopen(
  File "/openedx/venv/lib/python3.8/site-packages/urllib3/connectionpool.py", line 755, in urlopen
    retries = retries.increment(
  File "/openedx/venv/lib/python3.8/site-packages/urllib3/util/retry.py", line 574, in increment
    raise MaxRetryError(_pool, url, error or ResponseError(cause))
urllib3.exceptions.MaxRetryError: HTTPConnectionPool(host='video.google.com', port=80): Max retries exceeded with url: /timedtext?type=list&v=3_yD_cEKoCk (Caused by NewConnectionError('<urllib3.connection.HTTPConnection object at 0x7fd4fc50fbb0>: Failed to establish a new connection: [Errno 111] Connection refused'))

During handling of the above exception, another exception occurred:

Traceback (most recent call last):
  File "/openedx/venv/lib/python3.8/site-packages/django/core/handlers/exception.py", line 47, in inner
    response = get_response(request)
  File "/openedx/venv/lib/python3.8/site-packages/django/core/handlers/base.py", line 181, in _get_response
    response = wrapped_callback(request, *callback_args, **callback_kwargs)
  File "/opt/pyenv/versions/3.8.12/lib/python3.8/contextlib.py", line 75, in inner
    return func(*args, **kwds)
  File "/openedx/venv/lib/python3.8/site-packages/django/contrib/auth/decorators.py", line 21, in _wrapped_view
    return view_func(request, *args, **kwargs)
  File "/openedx/edx-platform/./cms/djangoapps/contentstore/views/transcripts_ajax.py", line 346, in check_transcripts
    youtube_transcript_name = youtube_video_transcript_name(youtube_text_api)
  File "/openedx/edx-platform/common/lib/xmodule/xmodule/video_module/transcripts_utils.py", line 145, in youtube_video_transcript_name
    youtube_response = requests.get('http://' + youtube_text_api['url'], params=transcripts_param)
  File "/openedx/venv/lib/python3.8/site-packages/requests/api.py", line 75, in get
    return request('get', url, params=params, **kwargs)
  File "/openedx/venv/lib/python3.8/site-packages/requests/api.py", line 61, in request
    return session.request(method=method, url=url, **kwargs)
  File "/openedx/venv/lib/python3.8/site-packages/requests/sessions.py", line 542, in request
    resp = self.send(prep, **send_kwargs)
  File "/openedx/venv/lib/python3.8/site-packages/requests/sessions.py", line 655, in send
    r = adapter.send(request, **kwargs)
  File "/openedx/venv/lib/python3.8/site-packages/requests/adapters.py", line 516, in send
    raise ConnectionError(e, request=request)
requests.exceptions.ConnectionError: HTTPConnectionPool(host='video.google.com', port=80): Max retries exceeded with url: /timedtext?type=list&v=3_yD_cEKoCk (Caused by NewConnectionError('<urllib3.connection.HTTPConnection object at 0x7fd4fc50fbb0>: Failed to establish a new connection: [Errno 111] Connection refused'))
2022-07-19 09:14:30,041 ERROR 14 [django.request] [user 4] [ip 172.18.0.1] log.py:224 - Internal Server Error: /transcripts/check
Traceback (most recent call last):
  File "/openedx/edx-platform/./cms/djangoapps/contentstore/views/transcripts_ajax.py", line 318, in check_transcripts
    get_transcript_from_val(edx_video_id=edx_video_id, lang='en')
  File "/openedx/edx-platform/common/lib/xmodule/xmodule/video_module/transcripts_utils.py", line 69, in wrapper
    return func(*args, **kwds)
  File "/openedx/edx-platform/common/lib/xmodule/xmodule/video_module/transcripts_utils.py", line 877, in get_transcript_from_val
    raise NotFoundError(f'Transcript not found for {edx_video_id}, lang: {lang}')
xmodule.exceptions.NotFoundError: Transcript not found for None, lang: en

During handling of the above exception, another exception occurred:

Traceback (most recent call last):
  File "/openedx/venv/lib/python3.8/site-packages/urllib3/connection.py", line 174, in _new_conn
    conn = connection.create_connection(
  File "/openedx/venv/lib/python3.8/site-packages/urllib3/util/connection.py", line 96, in create_connection
    raise err
  File "/openedx/venv/lib/python3.8/site-packages/urllib3/util/connection.py", line 86, in create_connection
    sock.connect(sa)
ConnectionRefusedError: [Errno 111] Connection refused

During handling of the above exception, another exception occurred:

Traceback (most recent call last):
  File "/openedx/venv/lib/python3.8/site-packages/urllib3/connectionpool.py", line 699, in urlopen
    httplib_response = self._make_request(
  File "/openedx/venv/lib/python3.8/site-packages/urllib3/connectionpool.py", line 394, in _make_request
    conn.request(method, url, **httplib_request_kw)
  File "/openedx/venv/lib/python3.8/site-packages/urllib3/connection.py", line 239, in request
    super(HTTPConnection, self).request(method, url, body=body, headers=headers)
  File "/opt/pyenv/versions/3.8.12/lib/python3.8/http/client.py", line 1256, in request
    self._send_request(method, url, body, headers, encode_chunked)
  File "/opt/pyenv/versions/3.8.12/lib/python3.8/http/client.py", line 1302, in _send_request
    self.endheaders(body, encode_chunked=encode_chunked)
  File "/opt/pyenv/versions/3.8.12/lib/python3.8/http/client.py", line 1251, in endheaders
    self._send_output(message_body, encode_chunked=encode_chunked)
  File "/opt/pyenv/versions/3.8.12/lib/python3.8/http/client.py", line 1011, in _send_output
    self.send(msg)
  File "/opt/pyenv/versions/3.8.12/lib/python3.8/http/client.py", line 951, in send
    self.connect()
  File "/openedx/venv/lib/python3.8/site-packages/urllib3/connection.py", line 205, in connect
    conn = self._new_conn()
  File "/openedx/venv/lib/python3.8/site-packages/urllib3/connection.py", line 186, in _new_conn
    raise NewConnectionError(
urllib3.exceptions.NewConnectionError: <urllib3.connection.HTTPConnection object at 0x7fd4fc50fbb0>: Failed to establish a new connection: [Errno 111] Connection refused

During handling of the above exception, another exception occurred:

Traceback (most recent call last):
  File "/openedx/venv/lib/python3.8/site-packages/requests/adapters.py", line 439, in send
    resp = conn.urlopen(
  File "/openedx/venv/lib/python3.8/site-packages/urllib3/connectionpool.py", line 755, in urlopen
    retries = retries.increment(
  File "/openedx/venv/lib/python3.8/site-packages/urllib3/util/retry.py", line 574, in increment
    raise MaxRetryError(_pool, url, error or ResponseError(cause))
urllib3.exceptions.MaxRetryError: HTTPConnectionPool(host='video.google.com', port=80): Max retries exceeded with url: /timedtext?type=list&v=3_yD_cEKoCk (Caused by NewConnectionError('<urllib3.connection.HTTPConnection object at 0x7fd4fc50fbb0>: Failed to establish a new connection: [Errno 111] Connection refused'))

During handling of the above exception, another exception occurred:

Traceback (most recent call last):
  File "/openedx/venv/lib/python3.8/site-packages/django/core/handlers/exception.py", line 47, in inner
    response = get_response(request)
  File "/openedx/venv/lib/python3.8/site-packages/django/core/handlers/base.py", line 181, in _get_response
    response = wrapped_callback(request, *callback_args, **callback_kwargs)
  File "/opt/pyenv/versions/3.8.12/lib/python3.8/contextlib.py", line 75, in inner
    return func(*args, **kwds)
  File "/openedx/venv/lib/python3.8/site-packages/django/contrib/auth/decorators.py", line 21, in _wrapped_view
    return view_func(request, *args, **kwargs)
  File "/openedx/edx-platform/./cms/djangoapps/contentstore/views/transcripts_ajax.py", line 346, in check_transcripts
    youtube_transcript_name = youtube_video_transcript_name(youtube_text_api)
  File "/openedx/edx-platform/common/lib/xmodule/xmodule/video_module/transcripts_utils.py", line 145, in youtube_video_transcript_name
    youtube_response = requests.get('http://' + youtube_text_api['url'], params=transcripts_param)
  File "/openedx/venv/lib/python3.8/site-packages/requests/api.py", line 75, in get
    return request('get', url, params=params, **kwargs)
  File "/openedx/venv/lib/python3.8/site-packages/requests/api.py", line 61, in request
    return session.request(method=method, url=url, **kwargs)
  File "/openedx/venv/lib/python3.8/site-packages/requests/sessions.py", line 542, in request
    resp = self.send(prep, **send_kwargs)
  File "/openedx/venv/lib/python3.8/site-packages/requests/sessions.py", line 655, in send
    r = adapter.send(request, **kwargs)
  File "/openedx/venv/lib/python3.8/site-packages/requests/adapters.py", line 516, in send
    raise ConnectionError(e, request=request)
requests.exceptions.ConnectionError: HTTPConnectionPool(host='video.google.com', port=80): Max retries exceeded with url: /timedtext?type=list&v=3_yD_cEKoCk (Caused by NewConnectionError('<urllib3.connection.HTTPConnection object at 0x7fd4fc50fbb0>: Failed to establish a new connection: [Errno 111] Connection refused'))
2022-07-19 09:14:49,399 INFO 7 [tracking] [user 4] [ip 172.18.0.1] logger.py:41 - {"name": "/transcripts/check", "context": {"user_id": 4, "path": "/transcripts/check", "course_id": "", "org_id": "", "enterprise_uuid": ""}, "username": "julien", "session": "e519aaafc782d9469032137507c598f2", "ip": "172.18.0.1", "agent": "Mozilla/5.0 (X11; Linux x86_64) AppleWebKit/537.36 (KHTML, like Gecko) Chrome/104.0.0.0 Safari/537.36", "host": "studio.local.overhang.io", "referer": "http://studio.local.overhang.io/container/block-v1:qiaojiX+CS101+2022_T1+type@vertical+block@407758585cda45428bc07e1f8ce0ee40?action=new", "accept_language": "en-US,en;q=0.9", "event": "{\"GET\": {\"data\": [\"{\\\"locator\\\":\\\"block-v1:qiaojiX+CS101+2022_T1+type@video+block@4551079e9de14c46ab7f34828b5369a1\\\",\\\"videos\\\":[{\\\"mode\\\":\\\"html5\\\",\\\"video\\\":\\\"t5svbWmghZcA\\\",\\\"type\\\":\\\"mp4\\\"},{\\\"mode\\\":\\\"edx_video_id\\\",\\\"type\\\":\\\"edx_video_id\\\",\\\"video\\\":\\\"\\\"}]}\"]}, \"POST\": {}}", "time": "2022-07-19T09:14:49.398495+00:00", "event_type": "/transcripts/check", "event_source": "server", "page": null}
2022-07-19 09:14:50,944 INFO 14 [tracking] [user 4] [ip 172.18.0.1] logger.py:41 - {"name": "/xblock/block-v1:qiaojiX+CS101+2022_T1+type@video+block@4551079e9de14c46ab7f34828b5369a1", "context": {"user_id": 4, "path": "/xblock/block-v1:qiaojiX+CS101+2022_T1+type@video+block@4551079e9de14c46ab7f34828b5369a1", "course_id": "", "org_id": "", "enterprise_uuid": ""}, "username": "julien", "session": "e519aaafc782d9469032137507c598f2", "ip": "172.18.0.1", "agent": "Mozilla/5.0 (X11; Linux x86_64) AppleWebKit/537.36 (KHTML, like Gecko) Chrome/104.0.0.0 Safari/537.36", "host": "studio.local.overhang.io", "referer": "http://studio.local.overhang.io/container/block-v1:qiaojiX+CS101+2022_T1+type@vertical+block@407758585cda45428bc07e1f8ce0ee40?action=new", "accept_language": "en-US,en;q=0.9", "event": "{\"GET\": {}, \"POST\": {}}", "time": "2022-07-19T09:14:50.944398+00:00", "event_type": "/xblock/block-v1:qiaojiX+CS101+2022_T1+type@video+block@4551079e9de14c46ab7f34828b5369a1", "event_source": "server", "page": null}
2022-07-19 09:14:51,013 INFO 7 [tracking] [user 4] [ip 172.18.0.1] logger.py:41 - {"name": "/xblock/block-v1:qiaojiX+CS101+2022_T1+type@video+block@4551079e9de14c46ab7f34828b5369a1/reorderable_container_child_preview", "context": {"user_id": 4, "path": "/xblock/block-v1:qiaojiX+CS101+2022_T1+type@video+block@4551079e9de14c46ab7f34828b5369a1/reorderable_container_child_preview", "course_id": "", "org_id": "", "enterprise_uuid": ""}, "username": "julien", "session": "e519aaafc782d9469032137507c598f2", "ip": "172.18.0.1", "agent": "Mozilla/5.0 (X11; Linux x86_64) AppleWebKit/537.36 (KHTML, like Gecko) Chrome/104.0.0.0 Safari/537.36", "host": "studio.local.overhang.io", "referer": "http://studio.local.overhang.io/container/block-v1:qiaojiX+CS101+2022_T1+type@vertical+block@407758585cda45428bc07e1f8ce0ee40?action=new", "accept_language": "en-US,en;q=0.9", "event": "{\"GET\": {\"_\": [\"1658222026620\"]}, \"POST\": {}}", "time": "2022-07-19T09:14:51.012981+00:00", "event_type": "/xblock/block-v1:qiaojiX+CS101+2022_T1+type@video+block@4551079e9de14c46ab7f34828b5369a1/reorderable_container_child_preview", "event_source": "server", "page": null}
2022-07-19 09:14:51,148 INFO 14 [tracking] [user 4] [ip 172.18.0.1] logger.py:41 - {"name": "/preview/xblock/block-v1:qiaojiX+CS101+2022_T1+type@video+block@4551079e9de14c46ab7f34828b5369a1/handler/transcript/translation/en", "context": {"user_id": 4, "path": "/preview/xblock/block-v1:qiaojiX+CS101+2022_T1+type@video+block@4551079e9de14c46ab7f34828b5369a1/handler/transcript/translation/en", "course_id": "", "org_id": "", "enterprise_uuid": ""}, "username": "julien", "session": "e519aaafc782d9469032137507c598f2", "ip": "172.18.0.1", "agent": "Mozilla/5.0 (X11; Linux x86_64) AppleWebKit/537.36 (KHTML, like Gecko) Chrome/104.0.0.0 Safari/537.36", "host": "studio.local.overhang.io", "referer": "http://studio.local.overhang.io/container/block-v1:qiaojiX+CS101+2022_T1+type@vertical+block@407758585cda45428bc07e1f8ce0ee40?action=new", "accept_language": "en-US,en;q=0.9", "event": "{\"GET\": {}, \"POST\": {}}", "time": "2022-07-19T09:14:51.148417+00:00", "event_type": "/preview/xblock/block-v1:qiaojiX+CS101+2022_T1+type@video+block@4551079e9de14c46ab7f34828b5369a1/handler/transcript/translation/en", "event_source": "server", "page": null}
2022-07-19 09:14:51,192 INFO 7 [tracking] [user 4] [ip 172.18.0.1] logger.py:41 - {"name": "/xblock/container/block-v1:qiaojiX+CS101+2022_T1+type@vertical+block@407758585cda45428bc07e1f8ce0ee40", "context": {"user_id": 4, "path": "/xblock/container/block-v1:qiaojiX+CS101+2022_T1+type@vertical+block@407758585cda45428bc07e1f8ce0ee40", "course_id": "", "org_id": "", "enterprise_uuid": ""}, "username": "julien", "session": "e519aaafc782d9469032137507c598f2", "ip": "172.18.0.1", "agent": "Mozilla/5.0 (X11; Linux x86_64) AppleWebKit/537.36 (KHTML, like Gecko) Chrome/104.0.0.0 Safari/537.36", "host": "studio.local.overhang.io", "referer": "http://studio.local.overhang.io/container/block-v1:qiaojiX+CS101+2022_T1+type@vertical+block@407758585cda45428bc07e1f8ce0ee40?action=new", "accept_language": "en-US,en;q=0.9", "event": "{\"GET\": {}, \"POST\": {}}", "time": "2022-07-19T09:14:51.192026+00:00", "event_type": "/xblock/container/block-v1:qiaojiX+CS101+2022_T1+type@vertical+block@407758585cda45428bc07e1f8ce0ee40", "event_source": "server", "page": null}
2022-07-19 09:14:51,205 WARNING 14 [xmodule.video_module.video_handlers] [user 4] [ip 172.18.0.1] video_handlers.py:354 - [Translation Dispatch] block-v1:qiaojiX+CS101+2022_T1+type@video+block@4551079e9de14c46ab7f34828b5369a1: Transcript not found for , lang: en
2022-07-19 09:14:55,255 INFO 7 [tracking] [user 4] [ip 172.18.0.1] logger.py:41 - {"name": "/xblock/block-v1:qiaojiX+CS101+2022_T1+type@vertical+block@407758585cda45428bc07e1f8ce0ee40", "context": {"user_id": 4, "path": "/xblock/block-v1:qiaojiX+CS101+2022_T1+type@vertical+block@407758585cda45428bc07e1f8ce0ee40", "course_id": "", "org_id": "", "enterprise_uuid": ""}, "username": "julien", "session": "e519aaafc782d9469032137507c598f2", "ip": "172.18.0.1", "agent": "Mozilla/5.0 (X11; Linux x86_64) AppleWebKit/537.36 (KHTML, like Gecko) Chrome/104.0.0.0 Safari/537.36", "host": "studio.local.overhang.io", "referer": "http://studio.local.overhang.io/container/block-v1:qiaojiX+CS101+2022_T1+type@vertical+block@407758585cda45428bc07e1f8ce0ee40?action=new", "accept_language": "en-US,en;q=0.9", "event": "{\"GET\": {}, \"POST\": {}}", "time": "2022-07-19T09:14:55.254999+00:00", "event_type": "/xblock/block-v1:qiaojiX+CS101+2022_T1+type@vertical+block@407758585cda45428bc07e1f8ce0ee40", "event_source": "server", "page": null}
2022-07-19 09:14:55,361 INFO 7 [openedx.core.djangoapps.content.course_overviews.models] [user 4] [ip 172.18.0.1] models.py:278 - Attempting to load CourseOverview for course course-v1:qiaojiX+CS101+2022_T1 from modulestore.
2022-07-19 09:14:55,371 INFO 7 [openedx.core.djangoapps.content.course_overviews.models] [user 4] [ip 172.18.0.1] models.py:188 - Updating course overview for course-v1:qiaojiX+CS101+2022_T1.
2022-07-19 09:14:55,511 INFO 7 [openedx.core.djangoapps.course_date_signals.handlers] [user 4] [ip 172.18.0.1] handlers.py:125 - Extracting course dates for course-v1:qiaojiX+CS101+2022_T1
2022-07-19 09:14:55,532 INFO 7 [openedx.core.djangoapps.course_date_signals.handlers] [user 4] [ip 172.18.0.1] handlers.py:159 - Extracting dates from 19 items in course-v1:qiaojiX+CS101+2022_T1
2022-07-19 09:14:55,538 INFO 7 [edx_when.api] [user 4] [ip 172.18.0.1] api.py:94 - Setting date for BlockUsageLocator(CourseLocator('qiaojiX', 'CS101', '2022_T1', None, None), 'course', 'course'), start, datetime.datetime(2022, 7, 18, 0, 0, tzinfo=<bson.tz_util.FixedOffset object at 0x7fd4fc298a60>)
2022-07-19 09:14:55,552 INFO 7 [edx_when.api] [user 4] [ip 172.18.0.1] api.py:94 - Setting date for BlockUsageLocator(CourseLocator('qiaojiX', 'CS101', '2022_T1', None, None), 'course', 'course'), end, datetime.datetime(2022, 7, 28, 0, 0, tzinfo=<bson.tz_util.FixedOffset object at 0x7fd4fc298a60>)
2022-07-19 09:14:55,654 INFO 7 [celery_utils.logged_task] [user 4] [ip 172.18.0.1] logged_task.py:25 - Task lms.djangoapps.discussion.tasks.update_discussions_map[a378c486-0504-46cf-bb68-6872662e7b5f] submitted with arguments [{'course_id': 'course-v1:qiaojiX+CS101+2022_T1'}], None
2022-07-19 09:14:55,657 INFO 7 [xmodule.modulestore.django] [user 4] [ip 172.18.0.1] django.py:199 - Sent course_published signal to <function listen_for_course_publish at 0x7fd501e010d0> with kwargs {'course_key': CourseLocator('qiaojiX', 'CS101', '2022_T1', None, None)}. Response was: None
2022-07-19 09:14:55,658 INFO 7 [xmodule.modulestore.django] [user 4] [ip 172.18.0.1] django.py:199 - Sent course_published signal to <function export_course_metadata at 0x7fd501e01e50> with kwargs {'course_key': CourseLocator('qiaojiX', 'CS101', '2022_T1', None, None)}. Response was: None
2022-07-19 09:14:55,661 INFO 7 [xmodule.modulestore.django] [user 4] [ip 172.18.0.1] django.py:199 - Sent course_published signal to <function _listen_for_course_publish at 0x7fd5012aa3a0> with kwargs {'course_key': CourseLocator('qiaojiX', 'CS101', '2022_T1', None, None)}. Response was: None
2022-07-19 09:14:55,661 INFO 7 [xmodule.modulestore.django] [user 4] [ip 172.18.0.1] django.py:199 - Sent course_published signal to <function _listen_for_course_publish at 0x7fd5012aa5e0> with kwargs {'course_key': CourseLocator('qiaojiX', 'CS101', '2022_T1', None, None)}. Response was: None
2022-07-19 09:14:55,662 INFO 7 [xmodule.modulestore.django] [user 4] [ip 172.18.0.1] django.py:199 - Sent course_published signal to <function update_block_structure_on_course_publish at 0x7fd5012af940> with kwargs {'course_key': CourseLocator('qiaojiX', 'CS101', '2022_T1', None, None)}. Response was: None
2022-07-19 09:14:55,662 INFO 7 [xmodule.modulestore.django] [user 4] [ip 172.18.0.1] django.py:199 - Sent course_published signal to <function _listen_for_course_publish at 0x7fd50123d4c0> with kwargs {'course_key': CourseLocator('qiaojiX', 'CS101', '2022_T1', None, None)}. Response was: None
2022-07-19 09:14:55,662 INFO 7 [xmodule.modulestore.django] [user 4] [ip 172.18.0.1] django.py:199 - Sent course_published signal to <function extract_dates at 0x7fd5011a90d0> with kwargs {'course_key': CourseLocator('qiaojiX', 'CS101', '2022_T1', None, None)}. Response was: None
2022-07-19 09:14:55,662 INFO 7 [xmodule.modulestore.django] [user 4] [ip 172.18.0.1] django.py:199 - Sent course_published signal to <function trigger_update_xblocks_cache_task at 0x7fd5010b2ca0> with kwargs {'course_key': CourseLocator('qiaojiX', 'CS101', '2022_T1', None, None)}. Response was: None
2022-07-19 09:14:55,663 INFO 7 [xmodule.modulestore.django] [user 4] [ip 172.18.0.1] django.py:199 - Sent course_published signal to <function update_course_apps at 0x7fd5010388b0> with kwargs {'course_key': CourseLocator('qiaojiX', 'CS101', '2022_T1', None, None)}. Response was: None
2022-07-19 09:14:55,663 INFO 7 [xmodule.modulestore.django] [user 4] [ip 172.18.0.1] django.py:199 - Sent course_published signal to <function update_discussions_on_course_publish at 0x7fd500ffa0d0> with kwargs {'course_key': CourseLocator('qiaojiX', 'CS101', '2022_T1', None, None)}. Response was: None
2022-07-19 09:14:55,718 INFO 14 [tracking] [user 4] [ip 172.18.0.1] logger.py:41 - {"name": "/xblock/container/block-v1:qiaojiX+CS101+2022_T1+type@vertical+block@407758585cda45428bc07e1f8ce0ee40", "context": {"user_id": 4, "path": "/xblock/container/block-v1:qiaojiX+CS101+2022_T1+type@vertical+block@407758585cda45428bc07e1f8ce0ee40", "course_id": "", "org_id": "", "enterprise_uuid": ""}, "username": "julien", "session": "e519aaafc782d9469032137507c598f2", "ip": "172.18.0.1", "agent": "Mozilla/5.0 (X11; Linux x86_64) AppleWebKit/537.36 (KHTML, like Gecko) Chrome/104.0.0.0 Safari/537.36", "host": "studio.local.overhang.io", "referer": "http://studio.local.overhang.io/container/block-v1:qiaojiX+CS101+2022_T1+type@vertical+block@407758585cda45428bc07e1f8ce0ee40?action=new", "accept_language": "en-US,en;q=0.9", "event": "{\"GET\": {}, \"POST\": {}}", "time": "2022-07-19T09:14:55.717632+00:00", "event_type": "/xblock/container/block-v1:qiaojiX+CS101+2022_T1+type@vertical+block@407758585cda45428bc07e1f8ce0ee40", "event_source": "server", "page": null}
2022-07-19 09:15:22,728 INFO 7 [tracking] [user 4] [ip 172.18.0.1] logger.py:41 - {"name": "/xblock/block-v1:qiaojiX+CS101+2022_T1+type@sequential+block@3c1f43dce3334ca89b5c6a6a46aa0d39", "context": {"user_id": 4, "path": "/xblock/block-v1:qiaojiX+CS101+2022_T1+type@sequential+block@3c1f43dce3334ca89b5c6a6a46aa0d39", "course_id": "", "org_id": "", "enterprise_uuid": ""}, "username": "julien", "session": "e519aaafc782d9469032137507c598f2", "ip": "172.18.0.1", "agent": "Mozilla/5.0 (X11; Linux x86_64) AppleWebKit/537.36 (KHTML, like Gecko) Chrome/104.0.0.0 Safari/537.36", "host": "studio.local.overhang.io", "referer": "http://studio.local.overhang.io/course/course-v1:qiaojiX+CS101+2022_T1", "accept_language": "en-US,en;q=0.9", "event": "{\"GET\": {}, \"POST\": {}}", "time": "2022-07-19T09:15:22.728125+00:00", "event_type": "/xblock/block-v1:qiaojiX+CS101+2022_T1+type@sequential+block@3c1f43dce3334ca89b5c6a6a46aa0d39", "event_source": "server", "page": null}
2022-07-19 09:15:22,839 INFO 7 [openedx.core.djangoapps.content.course_overviews.models] [user 4] [ip 172.18.0.1] models.py:278 - Attempting to load CourseOverview for course course-v1:qiaojiX+CS101+2022_T1 from modulestore.
2022-07-19 09:15:22,845 INFO 7 [openedx.core.djangoapps.content.course_overviews.models] [user 4] [ip 172.18.0.1] models.py:188 - Updating course overview for course-v1:qiaojiX+CS101+2022_T1.
2022-07-19 09:15:22,919 INFO 7 [openedx.core.djangoapps.course_date_signals.handlers] [user 4] [ip 172.18.0.1] handlers.py:125 - Extracting course dates for course-v1:qiaojiX+CS101+2022_T1
2022-07-19 09:15:22,953 INFO 7 [openedx.core.djangoapps.course_date_signals.handlers] [user 4] [ip 172.18.0.1] handlers.py:159 - Extracting dates from 19 items in course-v1:qiaojiX+CS101+2022_T1
2022-07-19 09:15:22,962 INFO 7 [edx_when.api] [user 4] [ip 172.18.0.1] api.py:94 - Setting date for BlockUsageLocator(CourseLocator('qiaojiX', 'CS101', '2022_T1', None, None), 'course', 'course'), start, datetime.datetime(2022, 7, 18, 0, 0, tzinfo=<bson.tz_util.FixedOffset object at 0x7fd4fc252490>)
2022-07-19 09:15:22,971 INFO 7 [edx_when.api] [user 4] [ip 172.18.0.1] api.py:94 - Setting date for BlockUsageLocator(CourseLocator('qiaojiX', 'CS101', '2022_T1', None, None), 'course', 'course'), end, datetime.datetime(2022, 7, 28, 0, 0, tzinfo=<bson.tz_util.FixedOffset object at 0x7fd4fc252490>)
2022-07-19 09:15:23,047 INFO 7 [celery_utils.logged_task] [user 4] [ip 172.18.0.1] logged_task.py:25 - Task lms.djangoapps.discussion.tasks.update_discussions_map[80212542-02c3-4f60-95aa-6c963283af67] submitted with arguments [{'course_id': 'course-v1:qiaojiX+CS101+2022_T1'}], None
2022-07-19 09:15:23,048 INFO 7 [xmodule.modulestore.django] [user 4] [ip 172.18.0.1] django.py:199 - Sent course_published signal to <function listen_for_course_publish at 0x7fd501e010d0> with kwargs {'course_key': CourseLocator('qiaojiX', 'CS101', '2022_T1', None, None)}. Response was: None
2022-07-19 09:15:23,048 INFO 7 [xmodule.modulestore.django] [user 4] [ip 172.18.0.1] django.py:199 - Sent course_published signal to <function export_course_metadata at 0x7fd501e01e50> with kwargs {'course_key': CourseLocator('qiaojiX', 'CS101', '2022_T1', None, None)}. Response was: None
2022-07-19 09:15:23,048 INFO 7 [xmodule.modulestore.django] [user 4] [ip 172.18.0.1] django.py:199 - Sent course_published signal to <function _listen_for_course_publish at 0x7fd5012aa3a0> with kwargs {'course_key': CourseLocator('qiaojiX', 'CS101', '2022_T1', None, None)}. Response was: None
2022-07-19 09:15:23,049 INFO 7 [xmodule.modulestore.django] [user 4] [ip 172.18.0.1] django.py:199 - Sent course_published signal to <function _listen_for_course_publish at 0x7fd5012aa5e0> with kwargs {'course_key': CourseLocator('qiaojiX', 'CS101', '2022_T1', None, None)}. Response was: None
2022-07-19 09:15:23,049 INFO 7 [xmodule.modulestore.django] [user 4] [ip 172.18.0.1] django.py:199 - Sent course_published signal to <function update_block_structure_on_course_publish at 0x7fd5012af940> with kwargs {'course_key': CourseLocator('qiaojiX', 'CS101', '2022_T1', None, None)}. Response was: None
2022-07-19 09:15:23,050 INFO 7 [xmodule.modulestore.django] [user 4] [ip 172.18.0.1] django.py:199 - Sent course_published signal to <function _listen_for_course_publish at 0x7fd50123d4c0> with kwargs {'course_key': CourseLocator('qiaojiX', 'CS101', '2022_T1', None, None)}. Response was: None
2022-07-19 09:15:23,050 INFO 7 [xmodule.modulestore.django] [user 4] [ip 172.18.0.1] django.py:199 - Sent course_published signal to <function extract_dates at 0x7fd5011a90d0> with kwargs {'course_key': CourseLocator('qiaojiX', 'CS101', '2022_T1', None, None)}. Response was: None
2022-07-19 09:15:23,051 INFO 7 [xmodule.modulestore.django] [user 4] [ip 172.18.0.1] django.py:199 - Sent course_published signal to <function trigger_update_xblocks_cache_task at 0x7fd5010b2ca0> with kwargs {'course_key': CourseLocator('qiaojiX', 'CS101', '2022_T1', None, None)}. Response was: None
2022-07-19 09:15:23,051 INFO 7 [xmodule.modulestore.django] [user 4] [ip 172.18.0.1] django.py:199 - Sent course_published signal to <function update_course_apps at 0x7fd5010388b0> with kwargs {'course_key': CourseLocator('qiaojiX', 'CS101', '2022_T1', None, None)}. Response was: None
2022-07-19 09:15:23,052 INFO 7 [xmodule.modulestore.django] [user 4] [ip 172.18.0.1] django.py:199 - Sent course_published signal to <function update_discussions_on_course_publish at 0x7fd500ffa0d0> with kwargs {'course_key': CourseLocator('qiaojiX', 'CS101', '2022_T1', None, None)}. Response was: None
2022-07-19 09:15:23,127 INFO 14 [tracking] [user 4] [ip 172.18.0.1] logger.py:41 - {"name": "/xblock/outline/block-v1:qiaojiX+CS101+2022_T1+type@chapter+block@852b75accb3a40ac9ea265f47d839018", "context": {"user_id": 4, "path": "/xblock/outline/block-v1:qiaojiX+CS101+2022_T1+type@chapter+block@852b75accb3a40ac9ea265f47d839018", "course_id": "", "org_id": "", "enterprise_uuid": ""}, "username": "julien", "session": "e519aaafc782d9469032137507c598f2", "ip": "172.18.0.1", "agent": "Mozilla/5.0 (X11; Linux x86_64) AppleWebKit/537.36 (KHTML, like Gecko) Chrome/104.0.0.0 Safari/537.36", "host": "studio.local.overhang.io", "referer": "http://studio.local.overhang.io/course/course-v1:qiaojiX+CS101+2022_T1", "accept_language": "en-US,en;q=0.9", "event": "{\"GET\": {}, \"POST\": {}}", "time": "2022-07-19T09:15:23.127172+00:00", "event_type": "/xblock/outline/block-v1:qiaojiX+CS101+2022_T1+type@chapter+block@852b75accb3a40ac9ea265f47d839018", "event_source": "server", "page": null}
2022-07-19 09:15:25,456 INFO 7 [tracking] [user 4] [ip 172.18.0.1] logger.py:41 - {"name": "/xblock/block-v1:qiaojiX+CS101+2022_T1+type@sequential+block@a7507af2cd714a0c9401a800e5125523", "context": {"user_id": 4, "path": "/xblock/block-v1:qiaojiX+CS101+2022_T1+type@sequential+block@a7507af2cd714a0c9401a800e5125523", "course_id": "", "org_id": "", "enterprise_uuid": ""}, "username": "julien", "session": "e519aaafc782d9469032137507c598f2", "ip": "172.18.0.1", "agent": "Mozilla/5.0 (X11; Linux x86_64) AppleWebKit/537.36 (KHTML, like Gecko) Chrome/104.0.0.0 Safari/537.36", "host": "studio.local.overhang.io", "referer": "http://studio.local.overhang.io/course/course-v1:qiaojiX+CS101+2022_T1", "accept_language": "en-US,en;q=0.9", "event": "{\"GET\": {}, \"POST\": {}}", "time": "2022-07-19T09:15:25.456270+00:00", "event_type": "/xblock/block-v1:qiaojiX+CS101+2022_T1+type@sequential+block@a7507af2cd714a0c9401a800e5125523", "event_source": "server", "page": null}
2022-07-19 09:15:25,619 INFO 7 [openedx.core.djangoapps.content.course_overviews.models] [user 4] [ip 172.18.0.1] models.py:278 - Attempting to load CourseOverview for course course-v1:qiaojiX+CS101+2022_T1 from modulestore.
2022-07-19 09:15:25,648 INFO 7 [openedx.core.djangoapps.content.course_overviews.models] [user 4] [ip 172.18.0.1] models.py:188 - Updating course overview for course-v1:qiaojiX+CS101+2022_T1.
2022-07-19 09:15:25,778 INFO 7 [openedx.core.djangoapps.course_date_signals.handlers] [user 4] [ip 172.18.0.1] handlers.py:125 - Extracting course dates for course-v1:qiaojiX+CS101+2022_T1
2022-07-19 09:15:25,787 INFO 7 [openedx.core.djangoapps.course_date_signals.handlers] [user 4] [ip 172.18.0.1] handlers.py:159 - Extracting dates from 19 items in course-v1:qiaojiX+CS101+2022_T1
2022-07-19 09:15:25,789 INFO 7 [edx_when.api] [user 4] [ip 172.18.0.1] api.py:94 - Setting date for BlockUsageLocator(CourseLocator('qiaojiX', 'CS101', '2022_T1', None, None), 'course', 'course'), start, datetime.datetime(2022, 7, 18, 0, 0, tzinfo=<bson.tz_util.FixedOffset object at 0x7fd4fc33e760>)
2022-07-19 09:15:25,802 INFO 7 [edx_when.api] [user 4] [ip 172.18.0.1] api.py:94 - Setting date for BlockUsageLocator(CourseLocator('qiaojiX', 'CS101', '2022_T1', None, None), 'course', 'course'), end, datetime.datetime(2022, 7, 28, 0, 0, tzinfo=<bson.tz_util.FixedOffset object at 0x7fd4fc33e760>)
2022-07-19 09:15:25,893 INFO 7 [celery_utils.logged_task] [user 4] [ip 172.18.0.1] logged_task.py:25 - Task lms.djangoapps.discussion.tasks.update_discussions_map[8604e163-831d-46f7-bfc9-2c0d58d21e83] submitted with arguments [{'course_id': 'course-v1:qiaojiX+CS101+2022_T1'}], None
2022-07-19 09:15:25,893 INFO 7 [xmodule.modulestore.django] [user 4] [ip 172.18.0.1] django.py:199 - Sent course_published signal to <function listen_for_course_publish at 0x7fd501e010d0> with kwargs {'course_key': CourseLocator('qiaojiX', 'CS101', '2022_T1', None, None)}. Response was: None
2022-07-19 09:15:25,894 INFO 7 [xmodule.modulestore.django] [user 4] [ip 172.18.0.1] django.py:199 - Sent course_published signal to <function export_course_metadata at 0x7fd501e01e50> with kwargs {'course_key': CourseLocator('qiaojiX', 'CS101', '2022_T1', None, None)}. Response was: None
2022-07-19 09:15:25,894 INFO 7 [xmodule.modulestore.django] [user 4] [ip 172.18.0.1] django.py:199 - Sent course_published signal to <function _listen_for_course_publish at 0x7fd5012aa3a0> with kwargs {'course_key': CourseLocator('qiaojiX', 'CS101', '2022_T1', None, None)}. Response was: None
2022-07-19 09:15:25,894 INFO 7 [xmodule.modulestore.django] [user 4] [ip 172.18.0.1] django.py:199 - Sent course_published signal to <function _listen_for_course_publish at 0x7fd5012aa5e0> with kwargs {'course_key': CourseLocator('qiaojiX', 'CS101', '2022_T1', None, None)}. Response was: None
2022-07-19 09:15:25,895 INFO 7 [xmodule.modulestore.django] [user 4] [ip 172.18.0.1] django.py:199 - Sent course_published signal to <function update_block_structure_on_course_publish at 0x7fd5012af940> with kwargs {'course_key': CourseLocator('qiaojiX', 'CS101', '2022_T1', None, None)}. Response was: None
2022-07-19 09:15:25,895 INFO 7 [xmodule.modulestore.django] [user 4] [ip 172.18.0.1] django.py:199 - Sent course_published signal to <function _listen_for_course_publish at 0x7fd50123d4c0> with kwargs {'course_key': CourseLocator('qiaojiX', 'CS101', '2022_T1', None, None)}. Response was: None
2022-07-19 09:15:25,895 INFO 7 [xmodule.modulestore.django] [user 4] [ip 172.18.0.1] django.py:199 - Sent course_published signal to <function extract_dates at 0x7fd5011a90d0> with kwargs {'course_key': CourseLocator('qiaojiX', 'CS101', '2022_T1', None, None)}. Response was: None
2022-07-19 09:15:25,895 INFO 7 [xmodule.modulestore.django] [user 4] [ip 172.18.0.1] django.py:199 - Sent course_published signal to <function trigger_update_xblocks_cache_task at 0x7fd5010b2ca0> with kwargs {'course_key': CourseLocator('qiaojiX', 'CS101', '2022_T1', None, None)}. Response was: None
2022-07-19 09:15:25,896 INFO 7 [xmodule.modulestore.django] [user 4] [ip 172.18.0.1] django.py:199 - Sent course_published signal to <function update_course_apps at 0x7fd5010388b0> with kwargs {'course_key': CourseLocator('qiaojiX', 'CS101', '2022_T1', None, None)}. Response was: None
2022-07-19 09:15:25,896 INFO 7 [xmodule.modulestore.django] [user 4] [ip 172.18.0.1] django.py:199 - Sent course_published signal to <function update_discussions_on_course_publish at 0x7fd500ffa0d0> with kwargs {'course_key': CourseLocator('qiaojiX', 'CS101', '2022_T1', None, None)}. Response was: None
2022-07-19 09:15:25,938 INFO 14 [tracking] [user 4] [ip 172.18.0.1] logger.py:41 - {"name": "/xblock/outline/block-v1:qiaojiX+CS101+2022_T1+type@chapter+block@852b75accb3a40ac9ea265f47d839018", "context": {"user_id": 4, "path": "/xblock/outline/block-v1:qiaojiX+CS101+2022_T1+type@chapter+block@852b75accb3a40ac9ea265f47d839018", "course_id": "", "org_id": "", "enterprise_uuid": ""}, "username": "julien", "session": "e519aaafc782d9469032137507c598f2", "ip": "172.18.0.1", "agent": "Mozilla/5.0 (X11; Linux x86_64) AppleWebKit/537.36 (KHTML, like Gecko) Chrome/104.0.0.0 Safari/537.36", "host": "studio.local.overhang.io", "referer": "http://studio.local.overhang.io/course/course-v1:qiaojiX+CS101+2022_T1", "accept_language": "en-US,en;q=0.9", "event": "{\"GET\": {}, \"POST\": {}}", "time": "2022-07-19T09:15:25.938148+00:00", "event_type": "/xblock/outline/block-v1:qiaojiX+CS101+2022_T1+type@chapter+block@852b75accb3a40ac9ea265f47d839018", "event_source": "server", "page": null}
